[03-30-2023 @ 04:59:19] 401 GET Request Error:  - Error Details: You are not authorized to access this resource // Endpoint Details: https://api.qpilot.cloud/Sites/
[03-30-2023 @ 04:59:19] Autoship Orders - 401 Site Settings Retrieval Failed. Additional Details: You are not authorized to access this resource
[03-30-2023 @ 04:59:53] 401 GET Request Error:  - Error Details: You are not authorized to access this resource // Endpoint Details: https://api.qpilot.cloud/Sites/
[03-30-2023 @ 04:59:53] Autoship Orders - 401 Site Settings Retrieval Failed. Additional Details: You are not authorized to access this resource
[03-30-2023 @ 05:00:16] 401 GET Request Error:  - Error Details: You are not authorized to access this resource // Endpoint Details: https://api.qpilot.cloud/Sites/
[03-30-2023 @ 05:00:16] Autoship Orders - 401 Site Settings Retrieval Failed. Additional Details: You are not authorized to access this resource
[03-30-2023 @ 05:11:27] 401 GET Request Error:  - Error Details: You are not authorized to access this resource // Endpoint Details: https://api.qpilot.cloud/Sites/
[03-30-2023 @ 05:11:27] Autoship Orders - 401 Site Settings Retrieval Failed. Additional Details: You are not authorized to access this resource
[03-30-2023 @ 05:11:28] 401 GET Request Error:  - Error Details: You are not authorized to access this resource // Endpoint Details: https://api.qpilot.cloud/Sites/
[03-30-2023 @ 05:11:28] Autoship Orders - 401 Site Settings Retrieval Failed. Additional Details: You are not authorized to access this resource
[03-30-2023 @ 05:11:46] 401 GET Request Error:  - Error Details: You are not authorized to access this resource // Endpoint Details: https://api.qpilot.cloud/Sites/
[03-30-2023 @ 05:11:46] Autoship Orders - 401 Site Settings Retrieval Failed. Additional Details: You are not authorized to access this resource
[03-30-2023 @ 05:52:40] Autoship Customers - There was an Issue Creating or Updating Customer #10. Additional Details: 404: Not Found
[03-30-2023 @ 05:53:16] 401 GET Request Error:  - Error Details: You are not authorized to access this resource // Endpoint Details: https://api.qpilot.cloud/Sites//ScheduledOrders/?page=1&pageSize=100&customerId=10
[03-30-2023 @ 05:53:16] Autoship Orders - 401 Order Retrieval Failed for Customer 10. Additional Details: You are not authorized to access this resource
[03-30-2023 @ 05:57:28] 401 GET Request Error:  - Error Details: You are not authorized to access this resource // Endpoint Details: https://api.qpilot.cloud/Sites/
[03-30-2023 @ 05:57:28] Autoship Orders - 401 Site Settings Retrieval Failed. Additional Details: You are not authorized to access this resource
[03-30-2023 @ 05:57:46] 401 GET Request Error:  - Error Details: You are not authorized to access this resource // Endpoint Details: https://api.qpilot.cloud/Sites/
[03-30-2023 @ 05:57:46] Autoship Orders - 401 Site Settings Retrieval Failed. Additional Details: You are not authorized to access this resource
[03-30-2023 @ 05:58:06] 401 GET Request Error:  - Error Details: You are not authorized to access this resource // Endpoint Details: https://api.qpilot.cloud/Sites/
[03-30-2023 @ 05:58:06] Autoship Orders - 401 Site Settings Retrieval Failed. Additional Details: You are not authorized to access this resource
[03-30-2023 @ 05:58:13] 401 GET Request Error:  - Error Details: You are not authorized to access this resource // Endpoint Details: https://api.qpilot.cloud/Sites/
[03-30-2023 @ 05:58:13] Autoship Orders - 401 Site Settings Retrieval Failed. Additional Details: You are not authorized to access this resource
[03-30-2023 @ 05:59:13] 401 GET Request Error:  - Error Details: You are not authorized to access this resource // Endpoint Details: https://api.qpilot.cloud/Sites/
[03-30-2023 @ 05:59:13] Autoship Orders - 401 Site Settings Retrieval Failed. Additional Details: You are not authorized to access this resource
[03-30-2023 @ 05:59:16] Autoship Customers - There was an Issue Creating or Updating Customer #10. Additional Details: 404: Not Found
[03-30-2023 @ 05:59:19] Autoship Customers - There was an Issue Creating or Updating Customer #10. Additional Details: 404: Not Found
[03-30-2023 @ 05:59:24] 401 GET Request Error:  - Error Details: You are not authorized to access this resource // Endpoint Details: https://api.qpilot.cloud/Sites/
[03-30-2023 @ 05:59:24] Autoship Orders - 401 Site Settings Retrieval Failed. Additional Details: You are not authorized to access this resource
[03-30-2023 @ 06:08:27] 401 GET Request Error:  - Error Details: You are not authorized to access this resource // Endpoint Details: https://api.qpilot.cloud/Sites/
[03-30-2023 @ 06:08:27] Autoship Orders - 401 Site Settings Retrieval Failed. Additional Details: You are not authorized to access this resource
[03-30-2023 @ 06:08:44] 401 GET Request Error:  - Error Details: You are not authorized to access this resource // Endpoint Details: https://api.qpilot.cloud/Sites/
[03-30-2023 @ 06:08:44] Autoship Orders - 401 Site Settings Retrieval Failed. Additional Details: You are not authorized to access this resource
[03-30-2023 @ 06:08:54] 401 GET Request Error:  - Error Details: You are not authorized to access this resource // Endpoint Details: https://api.qpilot.cloud/Sites/
[03-30-2023 @ 06:08:54] Autoship Orders - 401 Site Settings Retrieval Failed. Additional Details: You are not authorized to access this resource
[03-30-2023 @ 06:09:09] 401 GET Request Error:  - Error Details: You are not authorized to access this resource // Endpoint Details: https://api.qpilot.cloud/Sites/
[03-30-2023 @ 06:09:09] Autoship Orders - 401 Site Settings Retrieval Failed. Additional Details: You are not authorized to access this resource
[03-30-2023 @ 06:09:45] 401 GET Request Error:  - Error Details: You are not authorized to access this resource // Endpoint Details: https://api.qpilot.cloud/Sites/
[03-30-2023 @ 06:09:45] Autoship Orders - 401 Site Settings Retrieval Failed. Additional Details: You are not authorized to access this resource
[03-30-2023 @ 06:09:52] 401 GET Request Error:  - Error Details: You are not authorized to access this resource // Endpoint Details: https://api.qpilot.cloud/Sites/
[03-30-2023 @ 06:09:52] Autoship Orders - 401 Site Settings Retrieval Failed. Additional Details: You are not authorized to access this resource
[03-30-2023 @ 06:10:23] 401 GET Request Error:  - Error Details: You are not authorized to access this resource // Endpoint Details: https://api.qpilot.cloud/Sites/
[03-30-2023 @ 06:10:23] Autoship Orders - 401 Site Settings Retrieval Failed. Additional Details: You are not authorized to access this resource
[03-30-2023 @ 06:10:30] 401 GET Request Error:  - Error Details: You are not authorized to access this resource // Endpoint Details: https://api.qpilot.cloud/Sites/
[03-30-2023 @ 06:10:30] Autoship Orders - 401 Site Settings Retrieval Failed. Additional Details: You are not authorized to access this resource
[03-30-2023 @ 06:10:44] 401 GET Request Error:  - Error Details: You are not authorized to access this resource // Endpoint Details: https://api.qpilot.cloud/Sites/
[03-30-2023 @ 06:10:44] Autoship Orders - 401 Site Settings Retrieval Failed. Additional Details: You are not authorized to access this resource
[03-30-2023 @ 06:11:07] 401 GET Request Error:  - Error Details: You are not authorized to access this resource // Endpoint Details: https://api.qpilot.cloud/Sites/
[03-30-2023 @ 06:11:07] Autoship Orders - 401 Site Settings Retrieval Failed. Additional Details: You are not authorized to access this resource
[03-30-2023 @ 06:11:13] 401 GET Request Error:  - Error Details: You are not authorized to access this resource // Endpoint Details: https://api.qpilot.cloud/Sites/
[03-30-2023 @ 06:11:13] Autoship Orders - 401 Site Settings Retrieval Failed. Additional Details: You are not authorized to access this resource
[03-30-2023 @ 06:11:23] 401 GET Request Error:  - Error Details: You are not authorized to access this resource // Endpoint Details: https://api.qpilot.cloud/Sites/
[03-30-2023 @ 06:11:23] Autoship Orders - 401 Site Settings Retrieval Failed. Additional Details: You are not authorized to access this resource
[03-30-2023 @ 06:11:30] 401 GET Request Error:  - Error Details: You are not authorized to access this resource // Endpoint Details: https://api.qpilot.cloud/Sites/
[03-30-2023 @ 06:11:30] Autoship Orders - 401 Site Settings Retrieval Failed. Additional Details: You are not authorized to access this resource
[03-30-2023 @ 06:11:36] 401 GET Request Error:  - Error Details: You are not authorized to access this resource // Endpoint Details: https://api.qpilot.cloud/Sites/
[03-30-2023 @ 06:11:36] Autoship Orders - 401 Site Settings Retrieval Failed. Additional Details: You are not authorized to access this resource
[03-30-2023 @ 06:12:49] Autoship Customers - There was an Issue Creating or Updating Customer #11. Additional Details: 404: Not Found
[03-30-2023 @ 06:13:20] 401 GET Request Error:  - Error Details: You are not authorized to access this resource // Endpoint Details: https://api.qpilot.cloud/Sites/
[03-30-2023 @ 06:13:20] Autoship Orders - 401 Site Settings Retrieval Failed. Additional Details: You are not authorized to access this resource
[03-30-2023 @ 06:13:43] 401 GET Request Error:  - Error Details: You are not authorized to access this resource // Endpoint Details: https://api.qpilot.cloud/Sites/
[03-30-2023 @ 06:13:43] Autoship Orders - 401 Site Settings Retrieval Failed. Additional Details: You are not authorized to access this resource
[03-30-2023 @ 06:14:19] 401 GET Request Error:  - Error Details: You are not authorized to access this resource // Endpoint Details: https://api.qpilot.cloud/Sites/
[03-30-2023 @ 06:14:19] Autoship Orders - 401 Site Settings Retrieval Failed. Additional Details: You are not authorized to access this resource
[03-30-2023 @ 06:14:25] 401 GET Request Error:  - Error Details: You are not authorized to access this resource // Endpoint Details: https://api.qpilot.cloud/Sites/
[03-30-2023 @ 06:14:25] Autoship Orders - 401 Site Settings Retrieval Failed. Additional Details: You are not authorized to access this resource
[03-30-2023 @ 06:15:33] Autoship Customers - There was an Issue Creating or Updating Customer #12. Additional Details: 404: Not Found
[03-30-2023 @ 06:27:00] 401 GET Request Error:  - Error Details: You are not authorized to access this resource // Endpoint Details: https://api.qpilot.cloud/Sites//ScheduledOrders/?page=1&pageSize=100&customerId=12
[03-30-2023 @ 06:27:00] Autoship Orders - 401 Order Retrieval Failed for Customer 12. Additional Details: You are not authorized to access this resource
[03-30-2023 @ 06:57:09] 401 GET Request Error:  - Error Details: You are not authorized to access this resource // Endpoint Details: https://api.qpilot.cloud/Sites/
[03-30-2023 @ 06:57:09] Autoship Orders - 401 Site Settings Retrieval Failed. Additional Details: You are not authorized to access this resource
