[03-29-2023 @ 07:57:27] 401 GET Request Error:  - Error Details: You are not authorized to access this resource // Endpoint Details: https://api.qpilot.cloud/Sites/
[03-29-2023 @ 07:57:27] Autoship Orders - 401 Site Settings Retrieval Failed. Additional Details: You are not authorized to access this resource
[03-29-2023 @ 07:57:58] 401 GET Request Error:  - Error Details: You are not authorized to access this resource // Endpoint Details: https://api.qpilot.cloud/Sites/
[03-29-2023 @ 07:57:58] Autoship Orders - 401 Site Settings Retrieval Failed. Additional Details: You are not authorized to access this resource
[03-29-2023 @ 07:59:30] 401 GET Request Error:  - Error Details: You are not authorized to access this resource // Endpoint Details: https://api.qpilot.cloud/Sites/
[03-29-2023 @ 07:59:30] Autoship Orders - 401 Site Settings Retrieval Failed. Additional Details: You are not authorized to access this resource
[03-29-2023 @ 08:00:32] 401 GET Request Error:  - Error Details: You are not authorized to access this resource // Endpoint Details: https://api.qpilot.cloud/Sites/
[03-29-2023 @ 08:00:32] Autoship Orders - 401 Site Settings Retrieval Failed. Additional Details: You are not authorized to access this resource
[03-29-2023 @ 08:00:41] 401 GET Request Error:  - Error Details: You are not authorized to access this resource // Endpoint Details: https://api.qpilot.cloud/Sites/
[03-29-2023 @ 08:00:41] Autoship Orders - 401 Site Settings Retrieval Failed. Additional Details: You are not authorized to access this resource
[03-29-2023 @ 08:01:16] 401 GET Request Error:  - Error Details: You are not authorized to access this resource // Endpoint Details: https://api.qpilot.cloud/Sites/
[03-29-2023 @ 08:01:16] Autoship Orders - 401 Site Settings Retrieval Failed. Additional Details: You are not authorized to access this resource
[03-29-2023 @ 08:01:51] 401 GET Request Error:  - Error Details: You are not authorized to access this resource // Endpoint Details: https://api.qpilot.cloud/Sites/
[03-29-2023 @ 08:01:51] Autoship Orders - 401 Site Settings Retrieval Failed. Additional Details: You are not authorized to access this resource
[03-29-2023 @ 08:02:33] 401 GET Request Error:  - Error Details: You are not authorized to access this resource // Endpoint Details: https://api.qpilot.cloud/Sites/
[03-29-2023 @ 08:02:33] Autoship Orders - 401 Site Settings Retrieval Failed. Additional Details: You are not authorized to access this resource
[03-29-2023 @ 08:05:20] 401 GET Request Error:  - Error Details: You are not authorized to access this resource // Endpoint Details: https://api.qpilot.cloud/Sites/
[03-29-2023 @ 08:05:20] Autoship Orders - 401 Site Settings Retrieval Failed. Additional Details: You are not authorized to access this resource
[03-29-2023 @ 08:05:41] 401 GET Request Error:  - Error Details: You are not authorized to access this resource // Endpoint Details: https://api.qpilot.cloud/Sites/
[03-29-2023 @ 08:05:41] Autoship Orders - 401 Site Settings Retrieval Failed. Additional Details: You are not authorized to access this resource
[03-29-2023 @ 08:07:07] 401 GET Request Error:  - Error Details: You are not authorized to access this resource // Endpoint Details: https://api.qpilot.cloud/Sites/
[03-29-2023 @ 08:07:07] Autoship Orders - 401 Site Settings Retrieval Failed. Additional Details: You are not authorized to access this resource
[03-29-2023 @ 08:07:23] 401 GET Request Error:  - Error Details: You are not authorized to access this resource // Endpoint Details: https://api.qpilot.cloud/Sites/
[03-29-2023 @ 08:07:24] Autoship Orders - 401 Site Settings Retrieval Failed. Additional Details: You are not authorized to access this resource
[03-29-2023 @ 08:07:33] 401 GET Request Error:  - Error Details: You are not authorized to access this resource // Endpoint Details: https://api.qpilot.cloud/Sites/
[03-29-2023 @ 08:07:33] Autoship Orders - 401 Site Settings Retrieval Failed. Additional Details: You are not authorized to access this resource
[03-29-2023 @ 08:09:34] 401 GET Request Error:  - Error Details: You are not authorized to access this resource // Endpoint Details: https://api.qpilot.cloud/Sites/
[03-29-2023 @ 08:09:34] Autoship Orders - 401 Site Settings Retrieval Failed. Additional Details: You are not authorized to access this resource
[03-29-2023 @ 08:10:08] 401 GET Request Error:  - Error Details: You are not authorized to access this resource // Endpoint Details: https://api.qpilot.cloud/Sites/
[03-29-2023 @ 08:10:08] Autoship Orders - 401 Site Settings Retrieval Failed. Additional Details: You are not authorized to access this resource
[03-29-2023 @ 08:24:27] 401 GET Request Error:  - Error Details: You are not authorized to access this resource // Endpoint Details: https://api.qpilot.cloud/Sites/
[03-29-2023 @ 08:24:27] Autoship Orders - 401 Site Settings Retrieval Failed. Additional Details: You are not authorized to access this resource
[03-29-2023 @ 08:24:46] 401 GET Request Error:  - Error Details: You are not authorized to access this resource // Endpoint Details: https://api.qpilot.cloud/Sites/
[03-29-2023 @ 08:24:46] Autoship Orders - 401 Site Settings Retrieval Failed. Additional Details: You are not authorized to access this resource
[03-29-2023 @ 08:33:25] 401 GET Request Error:  - Error Details: You are not authorized to access this resource // Endpoint Details: https://api.qpilot.cloud/Sites/
[03-29-2023 @ 08:33:25] Autoship Orders - 401 Site Settings Retrieval Failed. Additional Details: You are not authorized to access this resource
[03-29-2023 @ 09:42:16] Autoship Orders - 0 Site Settings Retrieval Failed. Additional Details: cURL error 28: Operation timed out after 10013 milliseconds with 0 out of 0 bytes received
[03-29-2023 @ 09:42:16] Autoship Orders - 0 Site Settings Retrieval Failed. Additional Details: cURL error 28: Operation timed out after 10009 milliseconds with 0 out of 0 bytes received
[03-29-2023 @ 09:42:35] 401 GET Request Error:  - Error Details: You are not authorized to access this resource // Endpoint Details: https://api.qpilot.cloud/Sites/
[03-29-2023 @ 09:42:35] Autoship Orders - 401 Site Settings Retrieval Failed. Additional Details: You are not authorized to access this resource
[03-29-2023 @ 10:06:23] 401 GET Request Error:  - Error Details: You are not authorized to access this resource // Endpoint Details: https://api.qpilot.cloud/Sites//ScheduledOrders/?page=1&pageSize=100&customerId=9
[03-29-2023 @ 10:06:23] Autoship Orders - 401 Order Retrieval Failed for Customer 9. Additional Details: You are not authorized to access this resource
[03-29-2023 @ 10:06:37] Autoship Customers - There was an Issue Creating or Updating Customer #9. Additional Details: 404: Not Found
[03-29-2023 @ 10:06:42] 401 GET Request Error:  - Error Details: You are not authorized to access this resource // Endpoint Details: https://api.qpilot.cloud/Sites//ScheduledOrders/?page=1&pageSize=100&customerId=9
[03-29-2023 @ 10:06:42] Autoship Orders - 401 Order Retrieval Failed for Customer 9. Additional Details: You are not authorized to access this resource
[03-29-2023 @ 11:04:54] 401 GET Request Error:  - Error Details: You are not authorized to access this resource // Endpoint Details: https://api.qpilot.cloud/Sites/
[03-29-2023 @ 11:04:54] Autoship Orders - 401 Site Settings Retrieval Failed. Additional Details: You are not authorized to access this resource
[03-29-2023 @ 17:07:53] 401 GET Request Error:  - Error Details: You are not authorized to access this resource // Endpoint Details: https://api.qpilot.cloud/Sites/
[03-29-2023 @ 17:07:53] Autoship Orders - 401 Site Settings Retrieval Failed. Additional Details: You are not authorized to access this resource
[03-29-2023 @ 17:08:21] 401 GET Request Error:  - Error Details: You are not authorized to access this resource // Endpoint Details: https://api.qpilot.cloud/Sites/
[03-29-2023 @ 17:08:21] Autoship Orders - 401 Site Settings Retrieval Failed. Additional Details: You are not authorized to access this resource
[03-29-2023 @ 17:35:51] 401 GET Request Error:  - Error Details: You are not authorized to access this resource // Endpoint Details: https://api.qpilot.cloud/Sites/
[03-29-2023 @ 17:35:51] Autoship Orders - 401 Site Settings Retrieval Failed. Additional Details: You are not authorized to access this resource
[03-29-2023 @ 18:06:02] 401 GET Request Error:  - Error Details: You are not authorized to access this resource // Endpoint Details: https://api.qpilot.cloud/Sites/
[03-29-2023 @ 18:06:02] Autoship Orders - 401 Site Settings Retrieval Failed. Additional Details: You are not authorized to access this resource
[03-29-2023 @ 18:06:06] 401 GET Request Error:  - Error Details: You are not authorized to access this resource // Endpoint Details: https://api.qpilot.cloud/Sites/
[03-29-2023 @ 18:06:06] Autoship Orders - 401 Site Settings Retrieval Failed. Additional Details: You are not authorized to access this resource
[03-29-2023 @ 18:07:16] 401 GET Request Error:  - Error Details: You are not authorized to access this resource // Endpoint Details: https://api.qpilot.cloud/Sites/
[03-29-2023 @ 18:07:16] Autoship Orders - 401 Site Settings Retrieval Failed. Additional Details: You are not authorized to access this resource
[03-29-2023 @ 18:09:06] 401 GET Request Error:  - Error Details: You are not authorized to access this resource // Endpoint Details: https://api.qpilot.cloud/Sites/
[03-29-2023 @ 18:09:06] Autoship Orders - 401 Site Settings Retrieval Failed. Additional Details: You are not authorized to access this resource
[03-29-2023 @ 18:10:52] 401 GET Request Error:  - Error Details: You are not authorized to access this resource // Endpoint Details: https://api.qpilot.cloud/Sites/
[03-29-2023 @ 18:10:52] Autoship Orders - 401 Site Settings Retrieval Failed. Additional Details: You are not authorized to access this resource
[03-29-2023 @ 18:10:55] 401 GET Request Error:  - Error Details: You are not authorized to access this resource // Endpoint Details: https://api.qpilot.cloud/Sites/
[03-29-2023 @ 18:10:55] Autoship Orders - 401 Site Settings Retrieval Failed. Additional Details: You are not authorized to access this resource
[03-29-2023 @ 18:13:14] 401 GET Request Error:  - Error Details: You are not authorized to access this resource // Endpoint Details: https://api.qpilot.cloud/Sites/
[03-29-2023 @ 18:13:14] Autoship Orders - 401 Site Settings Retrieval Failed. Additional Details: You are not authorized to access this resource
[03-29-2023 @ 18:15:27] 401 GET Request Error:  - Error Details: You are not authorized to access this resource // Endpoint Details: https://api.qpilot.cloud/Sites/
[03-29-2023 @ 18:15:27] Autoship Orders - 401 Site Settings Retrieval Failed. Additional Details: You are not authorized to access this resource
[03-29-2023 @ 18:17:25] 401 GET Request Error:  - Error Details: You are not authorized to access this resource // Endpoint Details: https://api.qpilot.cloud/Sites/
[03-29-2023 @ 18:17:25] Autoship Orders - 401 Site Settings Retrieval Failed. Additional Details: You are not authorized to access this resource
[03-29-2023 @ 18:19:50] 401 GET Request Error:  - Error Details: You are not authorized to access this resource // Endpoint Details: https://api.qpilot.cloud/Sites/
[03-29-2023 @ 18:19:50] Autoship Orders - 401 Site Settings Retrieval Failed. Additional Details: You are not authorized to access this resource
[03-29-2023 @ 18:20:08] 401 GET Request Error:  - Error Details: You are not authorized to access this resource // Endpoint Details: https://api.qpilot.cloud/Sites/
[03-29-2023 @ 18:20:08] Autoship Orders - 401 Site Settings Retrieval Failed. Additional Details: You are not authorized to access this resource
[03-29-2023 @ 18:20:25] 401 GET Request Error:  - Error Details: You are not authorized to access this resource // Endpoint Details: https://api.qpilot.cloud/Sites/
[03-29-2023 @ 18:20:25] Autoship Orders - 401 Site Settings Retrieval Failed. Additional Details: You are not authorized to access this resource
[03-29-2023 @ 18:20:52] 401 GET Request Error:  - Error Details: You are not authorized to access this resource // Endpoint Details: https://api.qpilot.cloud/Sites/
[03-29-2023 @ 18:20:52] Autoship Orders - 401 Site Settings Retrieval Failed. Additional Details: You are not authorized to access this resource
[03-29-2023 @ 18:21:02] 401 GET Request Error:  - Error Details: You are not authorized to access this resource // Endpoint Details: https://api.qpilot.cloud/Sites/
[03-29-2023 @ 18:21:02] Autoship Orders - 401 Site Settings Retrieval Failed. Additional Details: You are not authorized to access this resource
[03-29-2023 @ 18:21:37] 401 GET Request Error:  - Error Details: You are not authorized to access this resource // Endpoint Details: https://api.qpilot.cloud/Sites/
[03-29-2023 @ 18:21:37] Autoship Orders - 401 Site Settings Retrieval Failed. Additional Details: You are not authorized to access this resource
[03-29-2023 @ 18:22:05] 401 GET Request Error:  - Error Details: You are not authorized to access this resource // Endpoint Details: https://api.qpilot.cloud/Sites/
[03-29-2023 @ 18:22:05] Autoship Orders - 401 Site Settings Retrieval Failed. Additional Details: You are not authorized to access this resource
[03-29-2023 @ 18:24:47] 401 GET Request Error:  - Error Details: You are not authorized to access this resource // Endpoint Details: https://api.qpilot.cloud/Sites/
[03-29-2023 @ 18:24:47] Autoship Orders - 401 Site Settings Retrieval Failed. Additional Details: You are not authorized to access this resource
[03-29-2023 @ 18:40:46] 401 GET Request Error:  - Error Details: You are not authorized to access this resource // Endpoint Details: https://api.qpilot.cloud/Sites/
[03-29-2023 @ 18:40:46] Autoship Orders - 401 Site Settings Retrieval Failed. Additional Details: You are not authorized to access this resource
