2023-03-29T08:20:21+00:00 CRITICAL syntax error, unexpected token "`" in D:\xampp\htdocs\tymenew\wp-content\themes\food-restro-child\functions.php on line 54

2023-03-29T11:54:26+00:00 CRITICAL Cannot redeclare is_user_logged_in() (previously declared in D:\xampp\htdocs\tymenew\wp-includes\pluggable.php:1148) in D:\xampp\htdocs\tymenew\wp-content\themes\food-restro-child\functions.php on line 61

2023-03-29T11:55:24+00:00 CRITICAL Cannot redeclare is_user_logged_in() (previously declared in D:\xampp\htdocs\tymenew\wp-includes\pluggable.php:1148) in D:\xampp\htdocs\tymenew\wp-content\themes\food-restro-child\functions.php on line 61

2023-03-29T11:55:34+00:00 CRITICAL Cannot redeclare is_user_logged_in() (previously declared in D:\xampp\htdocs\tymenew\wp-includes\pluggable.php:1148) in D:\xampp\htdocs\tymenew\wp-content\themes\food-restro-child\functions.php on line 61

2023-03-29T11:55:34+00:00 CRITICAL Cannot redeclare is_user_logged_in() (previously declared in D:\xampp\htdocs\tymenew\wp-includes\pluggable.php:1148) in D:\xampp\htdocs\tymenew\wp-content\themes\food-restro-child\functions.php on line 61

2023-03-29T11:55:34+00:00 CRITICAL Cannot redeclare is_user_logged_in() (previously declared in D:\xampp\htdocs\tymenew\wp-includes\pluggable.php:1148) in D:\xampp\htdocs\tymenew\wp-content\themes\food-restro-child\functions.php on line 61

2023-03-29T11:55:34+00:00 CRITICAL Cannot redeclare is_user_logged_in() (previously declared in D:\xampp\htdocs\tymenew\wp-includes\pluggable.php:1148) in D:\xampp\htdocs\tymenew\wp-content\themes\food-restro-child\functions.php on line 61

2023-03-29T11:55:34+00:00 CRITICAL Cannot redeclare is_user_logged_in() (previously declared in D:\xampp\htdocs\tymenew\wp-includes\pluggable.php:1148) in D:\xampp\htdocs\tymenew\wp-content\themes\food-restro-child\functions.php on line 61

2023-03-29T11:55:35+00:00 CRITICAL Cannot redeclare is_user_logged_in() (previously declared in D:\xampp\htdocs\tymenew\wp-includes\pluggable.php:1148) in D:\xampp\htdocs\tymenew\wp-content\themes\food-restro-child\functions.php on line 61

2023-03-29T11:55:55+00:00 CRITICAL Cannot redeclare is_user_logged_in() (previously declared in D:\xampp\htdocs\tymenew\wp-includes\pluggable.php:1148) in D:\xampp\htdocs\tymenew\wp-content\themes\food-restro-child\functions.php on line 61

2023-03-29T11:56:24+00:00 CRITICAL Cannot redeclare is_user_logged_in() (previously declared in D:\xampp\htdocs\tymenew\wp-includes\pluggable.php:1148) in D:\xampp\htdocs\tymenew\wp-content\themes\food-restro-child\functions.php on line 61

2023-03-29T11:58:21+00:00 CRITICAL Uncaught Error: Object of class WP_User could not be converted to string in D:\xampp\htdocs\tymenew\wp-content\themes\food-restro-child\functions.php:72
Stack trace:
#0 D:\xampp\htdocs\tymenew\wp-settings.php(585): include()
#1 D:\xampp\htdocs\tymenew\wp-config.php(96): require_once('D:\\xampp\\htdocs...')
#2 D:\xampp\htdocs\tymenew\wp-load.php(50): require_once('D:\\xampp\\htdocs...')
#3 D:\xampp\htdocs\tymenew\wp-admin\admin-ajax.php(22): require_once('D:\\xampp\\htdocs...')
#4 {main}
  thrown in D:\xampp\htdocs\tymenew\wp-content\themes\food-restro-child\functions.php on line 72

2023-03-29T11:58:40+00:00 CRITICAL Uncaught Error: Object of class WP_User could not be converted to string in D:\xampp\htdocs\tymenew\wp-content\themes\food-restro-child\functions.php:72
Stack trace:
#0 D:\xampp\htdocs\tymenew\wp-settings.php(585): include()
#1 D:\xampp\htdocs\tymenew\wp-config.php(96): require_once('D:\\xampp\\htdocs...')
#2 D:\xampp\htdocs\tymenew\wp-load.php(50): require_once('D:\\xampp\\htdocs...')
#3 D:\xampp\htdocs\tymenew\wp-blog-header.php(13): require_once('D:\\xampp\\htdocs...')
#4 D:\xampp\htdocs\tymenew\index.php(17): require('D:\\xampp\\htdocs...')
#5 {main}
  thrown in D:\xampp\htdocs\tymenew\wp-content\themes\food-restro-child\functions.php on line 72

2023-03-29T11:58:45+00:00 CRITICAL Uncaught Error: Object of class WP_User could not be converted to string in D:\xampp\htdocs\tymenew\wp-content\themes\food-restro-child\functions.php:72
Stack trace:
#0 D:\xampp\htdocs\tymenew\wp-settings.php(585): include()
#1 D:\xampp\htdocs\tymenew\wp-config.php(96): require_once('D:\\xampp\\htdocs...')
#2 D:\xampp\htdocs\tymenew\wp-load.php(50): require_once('D:\\xampp\\htdocs...')
#3 D:\xampp\htdocs\tymenew\wp-blog-header.php(13): require_once('D:\\xampp\\htdocs...')
#4 D:\xampp\htdocs\tymenew\index.php(17): require('D:\\xampp\\htdocs...')
#5 {main}
  thrown in D:\xampp\htdocs\tymenew\wp-content\themes\food-restro-child\functions.php on line 72

2023-03-29T11:58:51+00:00 CRITICAL Uncaught Error: Object of class WP_User could not be converted to string in D:\xampp\htdocs\tymenew\wp-content\themes\food-restro-child\functions.php:72
Stack trace:
#0 D:\xampp\htdocs\tymenew\wp-settings.php(585): include()
#1 D:\xampp\htdocs\tymenew\wp-config.php(96): require_once('D:\\xampp\\htdocs...')
#2 D:\xampp\htdocs\tymenew\wp-load.php(50): require_once('D:\\xampp\\htdocs...')
#3 D:\xampp\htdocs\tymenew\wp-blog-header.php(13): require_once('D:\\xampp\\htdocs...')
#4 D:\xampp\htdocs\tymenew\index.php(17): require('D:\\xampp\\htdocs...')
#5 {main}
  thrown in D:\xampp\htdocs\tymenew\wp-content\themes\food-restro-child\functions.php on line 72

2023-03-29T11:59:06+00:00 CRITICAL Uncaught Error: Object of class WP_User could not be converted to string in D:\xampp\htdocs\tymenew\wp-content\themes\food-restro-child\functions.php:72
Stack trace:
#0 D:\xampp\htdocs\tymenew\wp-settings.php(585): include()
#1 D:\xampp\htdocs\tymenew\wp-config.php(96): require_once('D:\\xampp\\htdocs...')
#2 D:\xampp\htdocs\tymenew\wp-load.php(50): require_once('D:\\xampp\\htdocs...')
#3 D:\xampp\htdocs\tymenew\wp-blog-header.php(13): require_once('D:\\xampp\\htdocs...')
#4 D:\xampp\htdocs\tymenew\index.php(17): require('D:\\xampp\\htdocs...')
#5 {main}
  thrown in D:\xampp\htdocs\tymenew\wp-content\themes\food-restro-child\functions.php on line 72

2023-03-29T11:59:21+00:00 CRITICAL Uncaught Error: Object of class WP_User could not be converted to string in D:\xampp\htdocs\tymenew\wp-content\themes\food-restro-child\functions.php:72
Stack trace:
#0 D:\xampp\htdocs\tymenew\wp-settings.php(585): include()
#1 D:\xampp\htdocs\tymenew\wp-config.php(96): require_once('D:\\xampp\\htdocs...')
#2 D:\xampp\htdocs\tymenew\wp-load.php(50): require_once('D:\\xampp\\htdocs...')
#3 D:\xampp\htdocs\tymenew\wp-admin\admin-ajax.php(22): require_once('D:\\xampp\\htdocs...')
#4 {main}
  thrown in D:\xampp\htdocs\tymenew\wp-content\themes\food-restro-child\functions.php on line 72

2023-03-29T12:04:31+00:00 CRITICAL Uncaught Error: Call to undefined function _r_wp_get_current_user() in D:\xampp\htdocs\tymenew\wp-content\themes\food-restro-child\functions.php:72
Stack trace:
#0 D:\xampp\htdocs\tymenew\wp-settings.php(585): include()
#1 D:\xampp\htdocs\tymenew\wp-config.php(96): require_once('D:\\xampp\\htdocs...')
#2 D:\xampp\htdocs\tymenew\wp-load.php(50): require_once('D:\\xampp\\htdocs...')
#3 D:\xampp\htdocs\tymenew\wp-blog-header.php(13): require_once('D:\\xampp\\htdocs...')
#4 D:\xampp\htdocs\tymenew\index.php(17): require('D:\\xampp\\htdocs...')
#5 {main}
  thrown in D:\xampp\htdocs\tymenew\wp-content\themes\food-restro-child\functions.php on line 72

2023-03-29T12:05:12+00:00 CRITICAL Cannot redeclare wp_get_current_user() (previously declared in D:\xampp\htdocs\tymenew\wp-includes\pluggable.php:70) in D:\xampp\htdocs\tymenew\wp-content\themes\food-restro-child\functions.php on line 71

2023-03-29T12:05:13+00:00 CRITICAL Cannot redeclare wp_get_current_user() (previously declared in D:\xampp\htdocs\tymenew\wp-includes\pluggable.php:70) in D:\xampp\htdocs\tymenew\wp-content\themes\food-restro-child\functions.php on line 71

2023-03-29T12:08:42+00:00 CRITICAL Uncaught TypeError: json_decode(): Argument #1 ($json) must be of type string, WP_User given in D:\xampp\htdocs\tymenew\wp-content\themes\food-restro-child\functions.php:73
Stack trace:
#0 D:\xampp\htdocs\tymenew\wp-content\themes\food-restro-child\functions.php(73): json_decode(Object(WP_User), true)
#1 D:\xampp\htdocs\tymenew\wp-settings.php(585): include('D:\\xampp\\htdocs...')
#2 D:\xampp\htdocs\tymenew\wp-config.php(96): require_once('D:\\xampp\\htdocs...')
#3 D:\xampp\htdocs\tymenew\wp-load.php(50): require_once('D:\\xampp\\htdocs...')
#4 D:\xampp\htdocs\tymenew\wp-blog-header.php(13): require_once('D:\\xampp\\htdocs...')
#5 D:\xampp\htdocs\tymenew\index.php(17): require('D:\\xampp\\htdocs...')
#6 {main}
  thrown in D:\xampp\htdocs\tymenew\wp-content\themes\food-restro-child\functions.php on line 73

2023-03-29T12:08:49+00:00 CRITICAL Uncaught TypeError: json_decode(): Argument #1 ($json) must be of type string, WP_User given in D:\xampp\htdocs\tymenew\wp-content\themes\food-restro-child\functions.php:73
Stack trace:
#0 D:\xampp\htdocs\tymenew\wp-content\themes\food-restro-child\functions.php(73): json_decode(Object(WP_User), true)
#1 D:\xampp\htdocs\tymenew\wp-settings.php(585): include('D:\\xampp\\htdocs...')
#2 D:\xampp\htdocs\tymenew\wp-config.php(96): require_once('D:\\xampp\\htdocs...')
#3 D:\xampp\htdocs\tymenew\wp-load.php(50): require_once('D:\\xampp\\htdocs...')
#4 D:\xampp\htdocs\tymenew\wp-admin\admin-ajax.php(22): require_once('D:\\xampp\\htdocs...')
#5 {main}
  thrown in D:\xampp\htdocs\tymenew\wp-content\themes\food-restro-child\functions.php on line 73

2023-03-29T12:09:20+00:00 CRITICAL Uncaught TypeError: json_decode(): Argument #1 ($json) must be of type string, WP_User given in D:\xampp\htdocs\tymenew\wp-content\themes\food-restro-child\functions.php:73
Stack trace:
#0 D:\xampp\htdocs\tymenew\wp-content\themes\food-restro-child\functions.php(73): json_decode(Object(WP_User), true)
#1 D:\xampp\htdocs\tymenew\wp-settings.php(585): include('D:\\xampp\\htdocs...')
#2 D:\xampp\htdocs\tymenew\wp-config.php(96): require_once('D:\\xampp\\htdocs...')
#3 D:\xampp\htdocs\tymenew\wp-load.php(50): require_once('D:\\xampp\\htdocs...')
#4 D:\xampp\htdocs\tymenew\wp-blog-header.php(13): require_once('D:\\xampp\\htdocs...')
#5 D:\xampp\htdocs\tymenew\index.php(17): require('D:\\xampp\\htdocs...')
#6 {main}
  thrown in D:\xampp\htdocs\tymenew\wp-content\themes\food-restro-child\functions.php on line 73

2023-03-29T12:09:28+00:00 CRITICAL Uncaught TypeError: json_decode(): Argument #1 ($json) must be of type string, WP_User given in D:\xampp\htdocs\tymenew\wp-content\themes\food-restro-child\functions.php:73
Stack trace:
#0 D:\xampp\htdocs\tymenew\wp-content\themes\food-restro-child\functions.php(73): json_decode(Object(WP_User), true)
#1 D:\xampp\htdocs\tymenew\wp-settings.php(585): include('D:\\xampp\\htdocs...')
#2 D:\xampp\htdocs\tymenew\wp-config.php(96): require_once('D:\\xampp\\htdocs...')
#3 D:\xampp\htdocs\tymenew\wp-load.php(50): require_once('D:\\xampp\\htdocs...')
#4 D:\xampp\htdocs\tymenew\wp-blog-header.php(13): require_once('D:\\xampp\\htdocs...')
#5 D:\xampp\htdocs\tymenew\index.php(17): require('D:\\xampp\\htdocs...')
#6 {main}
  thrown in D:\xampp\htdocs\tymenew\wp-content\themes\food-restro-child\functions.php on line 73

2023-03-29T12:09:32+00:00 CRITICAL Uncaught TypeError: json_decode(): Argument #1 ($json) must be of type string, WP_User given in D:\xampp\htdocs\tymenew\wp-content\themes\food-restro-child\functions.php:73
Stack trace:
#0 D:\xampp\htdocs\tymenew\wp-content\themes\food-restro-child\functions.php(73): json_decode(Object(WP_User), true)
#1 D:\xampp\htdocs\tymenew\wp-settings.php(585): include('D:\\xampp\\htdocs...')
#2 D:\xampp\htdocs\tymenew\wp-config.php(96): require_once('D:\\xampp\\htdocs...')
#3 D:\xampp\htdocs\tymenew\wp-load.php(50): require_once('D:\\xampp\\htdocs...')
#4 D:\xampp\htdocs\tymenew\wp-blog-header.php(13): require_once('D:\\xampp\\htdocs...')
#5 D:\xampp\htdocs\tymenew\index.php(17): require('D:\\xampp\\htdocs...')
#6 {main}
  thrown in D:\xampp\htdocs\tymenew\wp-content\themes\food-restro-child\functions.php on line 73

2023-03-29T12:21:16+00:00 CRITICAL Uncaught Error: Undefined constant "id" in D:\xampp\htdocs\tymenew\wp-content\themes\food-restro-child\functions.php:69
Stack trace:
#0 D:\xampp\htdocs\tymenew\wp-settings.php(585): include()
#1 D:\xampp\htdocs\tymenew\wp-config.php(96): require_once('D:\\xampp\\htdocs...')
#2 D:\xampp\htdocs\tymenew\wp-load.php(50): require_once('D:\\xampp\\htdocs...')
#3 D:\xampp\htdocs\tymenew\wp-blog-header.php(13): require_once('D:\\xampp\\htdocs...')
#4 D:\xampp\htdocs\tymenew\index.php(17): require('D:\\xampp\\htdocs...')
#5 {main}
  thrown in D:\xampp\htdocs\tymenew\wp-content\themes\food-restro-child\functions.php on line 69

2023-03-29T12:50:20+00:00 CRITICAL Uncaught Error: Call to undefined function get_current_user_user_login() in D:\xampp\htdocs\tymenew\wp-content\themes\food-restro-child\functions.php:66
Stack trace:
#0 D:\xampp\htdocs\tymenew\wp-settings.php(585): include()
#1 D:\xampp\htdocs\tymenew\wp-config.php(96): require_once('D:\\xampp\\htdocs...')
#2 D:\xampp\htdocs\tymenew\wp-load.php(50): require_once('D:\\xampp\\htdocs...')
#3 D:\xampp\htdocs\tymenew\wp-blog-header.php(13): require_once('D:\\xampp\\htdocs...')
#4 D:\xampp\htdocs\tymenew\index.php(17): require('D:\\xampp\\htdocs...')
#5 {main}
  thrown in D:\xampp\htdocs\tymenew\wp-content\themes\food-restro-child\functions.php on line 66

2023-03-29T12:50:34+00:00 CRITICAL Uncaught Error: Call to undefined function get_current_user_login() in D:\xampp\htdocs\tymenew\wp-content\themes\food-restro-child\functions.php:66
Stack trace:
#0 D:\xampp\htdocs\tymenew\wp-settings.php(585): include()
#1 D:\xampp\htdocs\tymenew\wp-config.php(96): require_once('D:\\xampp\\htdocs...')
#2 D:\xampp\htdocs\tymenew\wp-load.php(50): require_once('D:\\xampp\\htdocs...')
#3 D:\xampp\htdocs\tymenew\wp-blog-header.php(13): require_once('D:\\xampp\\htdocs...')
#4 D:\xampp\htdocs\tymenew\index.php(17): require('D:\\xampp\\htdocs...')
#5 {main}
  thrown in D:\xampp\htdocs\tymenew\wp-content\themes\food-restro-child\functions.php on line 66

2023-03-29T12:50:34+00:00 CRITICAL Uncaught Error: Call to undefined function get_current_user_login() in D:\xampp\htdocs\tymenew\wp-content\themes\food-restro-child\functions.php:66
Stack trace:
#0 D:\xampp\htdocs\tymenew\wp-settings.php(585): include()
#1 D:\xampp\htdocs\tymenew\wp-config.php(96): require_once('D:\\xampp\\htdocs...')
#2 D:\xampp\htdocs\tymenew\wp-load.php(50): require_once('D:\\xampp\\htdocs...')
#3 D:\xampp\htdocs\tymenew\wp-blog-header.php(13): require_once('D:\\xampp\\htdocs...')
#4 D:\xampp\htdocs\tymenew\index.php(17): require('D:\\xampp\\htdocs...')
#5 {main}
  thrown in D:\xampp\htdocs\tymenew\wp-content\themes\food-restro-child\functions.php on line 66

2023-03-29T12:50:43+00:00 CRITICAL Uncaught Error: Call to undefined function get_current_user_name() in D:\xampp\htdocs\tymenew\wp-content\themes\food-restro-child\functions.php:66
Stack trace:
#0 D:\xampp\htdocs\tymenew\wp-settings.php(585): include()
#1 D:\xampp\htdocs\tymenew\wp-config.php(96): require_once('D:\\xampp\\htdocs...')
#2 D:\xampp\htdocs\tymenew\wp-load.php(50): require_once('D:\\xampp\\htdocs...')
#3 D:\xampp\htdocs\tymenew\wp-blog-header.php(13): require_once('D:\\xampp\\htdocs...')
#4 D:\xampp\htdocs\tymenew\index.php(17): require('D:\\xampp\\htdocs...')
#5 {main}
  thrown in D:\xampp\htdocs\tymenew\wp-content\themes\food-restro-child\functions.php on line 66

2023-03-29T12:50:43+00:00 CRITICAL Uncaught Error: Call to undefined function get_current_user_name() in D:\xampp\htdocs\tymenew\wp-content\themes\food-restro-child\functions.php:66
Stack trace:
#0 D:\xampp\htdocs\tymenew\wp-settings.php(585): include()
#1 D:\xampp\htdocs\tymenew\wp-config.php(96): require_once('D:\\xampp\\htdocs...')
#2 D:\xampp\htdocs\tymenew\wp-load.php(50): require_once('D:\\xampp\\htdocs...')
#3 D:\xampp\htdocs\tymenew\wp-blog-header.php(13): require_once('D:\\xampp\\htdocs...')
#4 D:\xampp\htdocs\tymenew\index.php(17): require('D:\\xampp\\htdocs...')
#5 {main}
  thrown in D:\xampp\htdocs\tymenew\wp-content\themes\food-restro-child\functions.php on line 66

2023-03-29T12:50:43+00:00 CRITICAL Uncaught Error: Call to undefined function get_current_user_name() in D:\xampp\htdocs\tymenew\wp-content\themes\food-restro-child\functions.php:66
Stack trace:
#0 D:\xampp\htdocs\tymenew\wp-settings.php(585): include()
#1 D:\xampp\htdocs\tymenew\wp-config.php(96): require_once('D:\\xampp\\htdocs...')
#2 D:\xampp\htdocs\tymenew\wp-load.php(50): require_once('D:\\xampp\\htdocs...')
#3 D:\xampp\htdocs\tymenew\wp-blog-header.php(13): require_once('D:\\xampp\\htdocs...')
#4 D:\xampp\htdocs\tymenew\index.php(17): require('D:\\xampp\\htdocs...')
#5 {main}
  thrown in D:\xampp\htdocs\tymenew\wp-content\themes\food-restro-child\functions.php on line 66

2023-03-29T17:00:29+00:00 CRITICAL Unclosed '{' on line 62 in D:\xampp\htdocs\tymenew\wp-content\themes\food-restro-child\functions.php on line 88

2023-03-29T17:02:36+00:00 CRITICAL Unclosed '{' on line 62 in D:\xampp\htdocs\tymenew\wp-content\themes\food-restro-child\functions.php on line 88

2023-03-29T17:02:38+00:00 CRITICAL Unclosed '{' on line 62 in D:\xampp\htdocs\tymenew\wp-content\themes\food-restro-child\functions.php on line 88

