2023-04-04T12:45:29+00:00 CRITICAL Uncaught Error: Call to a member function get_cart() on null in D:\xampp\htdocs\tymenew\wp-content\themes\food-restro-child\functions.php:84
Stack trace:
#0 D:\xampp\htdocs\tymenew\wp-settings.php(591): include()
#1 D:\xampp\htdocs\tymenew\wp-config.php(96): require_once('D:\\xampp\\htdocs...')
#2 D:\xampp\htdocs\tymenew\wp-load.php(50): require_once('D:\\xampp\\htdocs...')
#3 D:\xampp\htdocs\tymenew\wp-blog-header.php(13): require_once('D:\\xampp\\htdocs...')
#4 D:\xampp\htdocs\tymenew\index.php(17): require('D:\\xampp\\htdocs...')
#5 {main}
  thrown in D:\xampp\htdocs\tymenew\wp-content\themes\food-restro-child\functions.php on line 84

2023-04-04T13:05:44+00:00 CRITICAL Uncaught Error: Call to a member function get_cart_total() on null in D:\xampp\htdocs\tymenew\wp-content\themes\food-restro-child\functions.php:83
Stack trace:
#0 D:\xampp\htdocs\tymenew\wp-settings.php(591): include()
#1 D:\xampp\htdocs\tymenew\wp-config.php(96): require_once('D:\\xampp\\htdocs...')
#2 D:\xampp\htdocs\tymenew\wp-load.php(50): require_once('D:\\xampp\\htdocs...')
#3 D:\xampp\htdocs\tymenew\wp-blog-header.php(13): require_once('D:\\xampp\\htdocs...')
#4 D:\xampp\htdocs\tymenew\index.php(17): require('D:\\xampp\\htdocs...')
#5 {main}
  thrown in D:\xampp\htdocs\tymenew\wp-content\themes\food-restro-child\functions.php on line 83

2023-04-04T13:05:54+00:00 CRITICAL Uncaught Error: Call to a member function get_cart_total() on null in D:\xampp\htdocs\tymenew\wp-content\themes\food-restro-child\functions.php:83
Stack trace:
#0 D:\xampp\htdocs\tymenew\wp-settings.php(591): include()
#1 D:\xampp\htdocs\tymenew\wp-config.php(96): require_once('D:\\xampp\\htdocs...')
#2 D:\xampp\htdocs\tymenew\wp-load.php(50): require_once('D:\\xampp\\htdocs...')
#3 D:\xampp\htdocs\tymenew\wp-blog-header.php(13): require_once('D:\\xampp\\htdocs...')
#4 D:\xampp\htdocs\tymenew\index.php(17): require('D:\\xampp\\htdocs...')
#5 {main}
  thrown in D:\xampp\htdocs\tymenew\wp-content\themes\food-restro-child\functions.php on line 83

