2023-03-28T10:38:08+00:00 CRITICAL Uncaught Error: Call to a member function get_payment_method_title() on null in /homepages/21/d738916443/htdocs/woop/wp-content/themes/food-restro-child/functions.php:54
Stack trace:
#0 /homepages/21/d738916443/htdocs/woop/wp-settings.php(585): include()
#1 /homepages/21/d738916443/htdocs/woop/wp-config.php(98): require_once('/homepages/21/d...')
#2 /homepages/21/d738916443/htdocs/woop/wp-load.php(50): require_once('/homepages/21/d...')
#3 /homepages/21/d738916443/htdocs/woop/wp-admin/admin-ajax.php(22): require_once('/homepages/21/d...')
#4 {main}
  thrown in /homepages/21/d738916443/htdocs/woop/wp-content/themes/food-restro-child/functions.php on line 54

2023-03-28T10:38:09+00:00 CRITICAL Uncaught Error: Call to a member function get_payment_method_title() on null in /homepages/21/d738916443/htdocs/woop/wp-content/themes/food-restro-child/functions.php:54
Stack trace:
#0 /homepages/21/d738916443/htdocs/woop/wp-settings.php(585): include()
#1 /homepages/21/d738916443/htdocs/woop/wp-config.php(98): require_once('/homepages/21/d...')
#2 /homepages/21/d738916443/htdocs/woop/wp-load.php(50): require_once('/homepages/21/d...')
#3 /homepages/21/d738916443/htdocs/woop/wp-admin/admin-ajax.php(22): require_once('/homepages/21/d...')
#4 {main}
  thrown in /homepages/21/d738916443/htdocs/woop/wp-content/themes/food-restro-child/functions.php on line 54

2023-03-28T10:38:10+00:00 CRITICAL Uncaught Error: Call to a member function get_payment_method_title() on null in /homepages/21/d738916443/htdocs/woop/wp-content/themes/food-restro-child/functions.php:54
Stack trace:
#0 /homepages/21/d738916443/htdocs/woop/wp-settings.php(585): include()
#1 /homepages/21/d738916443/htdocs/woop/wp-config.php(98): require_once('/homepages/21/d...')
#2 /homepages/21/d738916443/htdocs/woop/wp-load.php(50): require_once('/homepages/21/d...')
#3 /homepages/21/d738916443/htdocs/woop/wp-blog-header.php(13): require_once('/homepages/21/d...')
#4 /homepages/21/d738916443/htdocs/woop/index.php(17): require('/homepages/21/d...')
#5 {main}
  thrown in /homepages/21/d738916443/htdocs/woop/wp-content/themes/food-restro-child/functions.php on line 54

2023-03-28T10:38:11+00:00 CRITICAL Uncaught Error: Call to a member function get_payment_method_title() on null in /homepages/21/d738916443/htdocs/woop/wp-content/themes/food-restro-child/functions.php:54
Stack trace:
#0 /homepages/21/d738916443/htdocs/woop/wp-settings.php(585): include()
#1 /homepages/21/d738916443/htdocs/woop/wp-config.php(98): require_once('/homepages/21/d...')
#2 /homepages/21/d738916443/htdocs/woop/wp-load.php(50): require_once('/homepages/21/d...')
#3 /homepages/21/d738916443/htdocs/woop/wp-blog-header.php(13): require_once('/homepages/21/d...')
#4 /homepages/21/d738916443/htdocs/woop/index.php(17): require('/homepages/21/d...')
#5 {main}
  thrown in /homepages/21/d738916443/htdocs/woop/wp-content/themes/food-restro-child/functions.php on line 54

2023-03-28T10:38:13+00:00 CRITICAL Uncaught Error: Call to a member function get_payment_method_title() on null in /homepages/21/d738916443/htdocs/woop/wp-content/themes/food-restro-child/functions.php:54
Stack trace:
#0 /homepages/21/d738916443/htdocs/woop/wp-settings.php(585): include()
#1 /homepages/21/d738916443/htdocs/woop/wp-config.php(98): require_once('/homepages/21/d...')
#2 /homepages/21/d738916443/htdocs/woop/wp-load.php(50): require_once('/homepages/21/d...')
#3 /homepages/21/d738916443/htdocs/woop/wp-blog-header.php(13): require_once('/homepages/21/d...')
#4 /homepages/21/d738916443/htdocs/woop/index.php(17): require('/homepages/21/d...')
#5 {main}
  thrown in /homepages/21/d738916443/htdocs/woop/wp-content/themes/food-restro-child/functions.php on line 54

2023-03-28T10:38:13+00:00 CRITICAL Uncaught Error: Call to a member function get_payment_method_title() on null in /homepages/21/d738916443/htdocs/woop/wp-content/themes/food-restro-child/functions.php:54
Stack trace:
#0 /homepages/21/d738916443/htdocs/woop/wp-settings.php(585): include()
#1 /homepages/21/d738916443/htdocs/woop/wp-config.php(98): require_once('/homepages/21/d...')
#2 /homepages/21/d738916443/htdocs/woop/wp-load.php(50): require_once('/homepages/21/d...')
#3 /homepages/21/d738916443/htdocs/woop/wp-blog-header.php(13): require_once('/homepages/21/d...')
#4 /homepages/21/d738916443/htdocs/woop/index.php(17): require('/homepages/21/d...')
#5 {main}
  thrown in /homepages/21/d738916443/htdocs/woop/wp-content/themes/food-restro-child/functions.php on line 54

2023-03-28T10:38:14+00:00 CRITICAL Uncaught Error: Call to a member function get_payment_method_title() on null in /homepages/21/d738916443/htdocs/woop/wp-content/themes/food-restro-child/functions.php:54
Stack trace:
#0 /homepages/21/d738916443/htdocs/woop/wp-settings.php(585): include()
#1 /homepages/21/d738916443/htdocs/woop/wp-config.php(98): require_once('/homepages/21/d...')
#2 /homepages/21/d738916443/htdocs/woop/wp-load.php(50): require_once('/homepages/21/d...')
#3 /homepages/21/d738916443/htdocs/woop/wp-blog-header.php(13): require_once('/homepages/21/d...')
#4 /homepages/21/d738916443/htdocs/woop/index.php(17): require('/homepages/21/d...')
#5 {main}
  thrown in /homepages/21/d738916443/htdocs/woop/wp-content/themes/food-restro-child/functions.php on line 54

2023-03-28T10:38:15+00:00 CRITICAL Uncaught Error: Call to a member function get_payment_method_title() on null in /homepages/21/d738916443/htdocs/woop/wp-content/themes/food-restro-child/functions.php:54
Stack trace:
#0 /homepages/21/d738916443/htdocs/woop/wp-settings.php(585): include()
#1 /homepages/21/d738916443/htdocs/woop/wp-config.php(98): require_once('/homepages/21/d...')
#2 /homepages/21/d738916443/htdocs/woop/wp-load.php(50): require_once('/homepages/21/d...')
#3 /homepages/21/d738916443/htdocs/woop/wp-blog-header.php(13): require_once('/homepages/21/d...')
#4 /homepages/21/d738916443/htdocs/woop/index.php(17): require('/homepages/21/d...')
#5 {main}
  thrown in /homepages/21/d738916443/htdocs/woop/wp-content/themes/food-restro-child/functions.php on line 54

2023-03-28T10:38:16+00:00 CRITICAL Uncaught Error: Call to a member function get_payment_method_title() on null in /homepages/21/d738916443/htdocs/woop/wp-content/themes/food-restro-child/functions.php:54
Stack trace:
#0 /homepages/21/d738916443/htdocs/woop/wp-settings.php(585): include()
#1 /homepages/21/d738916443/htdocs/woop/wp-config.php(98): require_once('/homepages/21/d...')
#2 /homepages/21/d738916443/htdocs/woop/wp-load.php(50): require_once('/homepages/21/d...')
#3 /homepages/21/d738916443/htdocs/woop/wp-blog-header.php(13): require_once('/homepages/21/d...')
#4 /homepages/21/d738916443/htdocs/woop/index.php(17): require('/homepages/21/d...')
#5 {main}
  thrown in /homepages/21/d738916443/htdocs/woop/wp-content/themes/food-restro-child/functions.php on line 54

2023-03-28T10:38:37+00:00 CRITICAL Uncaught Error: Call to a member function get_payment_method_title() on null in /homepages/21/d738916443/htdocs/woop/wp-content/themes/food-restro-child/functions.php:54
Stack trace:
#0 /homepages/21/d738916443/htdocs/woop/wp-settings.php(585): include()
#1 /homepages/21/d738916443/htdocs/woop/wp-config.php(98): require_once('/homepages/21/d...')
#2 /homepages/21/d738916443/htdocs/woop/wp-load.php(50): require_once('/homepages/21/d...')
#3 /homepages/21/d738916443/htdocs/woop/wp-admin/admin-ajax.php(22): require_once('/homepages/21/d...')
#4 {main}
  thrown in /homepages/21/d738916443/htdocs/woop/wp-content/themes/food-restro-child/functions.php on line 54

2023-03-28T10:38:38+00:00 CRITICAL Uncaught Error: Call to a member function get_payment_method_title() on null in /homepages/21/d738916443/htdocs/woop/wp-content/themes/food-restro-child/functions.php:54
Stack trace:
#0 /homepages/21/d738916443/htdocs/woop/wp-settings.php(585): include()
#1 /homepages/21/d738916443/htdocs/woop/wp-config.php(98): require_once('/homepages/21/d...')
#2 /homepages/21/d738916443/htdocs/woop/wp-load.php(50): require_once('/homepages/21/d...')
#3 /homepages/21/d738916443/htdocs/woop/wp-admin/admin-ajax.php(22): require_once('/homepages/21/d...')
#4 {main}
  thrown in /homepages/21/d738916443/htdocs/woop/wp-content/themes/food-restro-child/functions.php on line 54

2023-03-28T10:39:05+00:00 CRITICAL Uncaught Error: Call to a member function get_payment_method_title() on null in /homepages/21/d738916443/htdocs/woop/wp-content/themes/food-restro-child/functions.php:54
Stack trace:
#0 /homepages/21/d738916443/htdocs/woop/wp-settings.php(585): include()
#1 /homepages/21/d738916443/htdocs/woop/wp-config.php(98): require_once('/homepages/21/d...')
#2 /homepages/21/d738916443/htdocs/woop/wp-load.php(50): require_once('/homepages/21/d...')
#3 /homepages/21/d738916443/htdocs/woop/wp-blog-header.php(13): require_once('/homepages/21/d...')
#4 /homepages/21/d738916443/htdocs/woop/index.php(17): require('/homepages/21/d...')
#5 {main}
  thrown in /homepages/21/d738916443/htdocs/woop/wp-content/themes/food-restro-child/functions.php on line 54

2023-03-28T10:39:06+00:00 CRITICAL Uncaught Error: Call to a member function get_payment_method_title() on null in /homepages/21/d738916443/htdocs/woop/wp-content/themes/food-restro-child/functions.php:54
Stack trace:
#0 /homepages/21/d738916443/htdocs/woop/wp-settings.php(585): include()
#1 /homepages/21/d738916443/htdocs/woop/wp-config.php(98): require_once('/homepages/21/d...')
#2 /homepages/21/d738916443/htdocs/woop/wp-load.php(50): require_once('/homepages/21/d...')
#3 /homepages/21/d738916443/htdocs/woop/wp-blog-header.php(13): require_once('/homepages/21/d...')
#4 /homepages/21/d738916443/htdocs/woop/index.php(17): require('/homepages/21/d...')
#5 {main}
  thrown in /homepages/21/d738916443/htdocs/woop/wp-content/themes/food-restro-child/functions.php on line 54

2023-03-28T10:39:18+00:00 CRITICAL Uncaught Error: Call to a member function get_payment_method_title() on null in /homepages/21/d738916443/htdocs/woop/wp-content/themes/food-restro-child/functions.php:54
Stack trace:
#0 /homepages/21/d738916443/htdocs/woop/wp-settings.php(585): include()
#1 /homepages/21/d738916443/htdocs/woop/wp-config.php(98): require_once('/homepages/21/d...')
#2 /homepages/21/d738916443/htdocs/woop/wp-load.php(50): require_once('/homepages/21/d...')
#3 /homepages/21/d738916443/htdocs/woop/wp-blog-header.php(13): require_once('/homepages/21/d...')
#4 /homepages/21/d738916443/htdocs/woop/index.php(17): require('/homepages/21/d...')
#5 {main}
  thrown in /homepages/21/d738916443/htdocs/woop/wp-content/themes/food-restro-child/functions.php on line 54

2023-03-28T10:39:19+00:00 CRITICAL Uncaught Error: Call to a member function get_payment_method_title() on null in /homepages/21/d738916443/htdocs/woop/wp-content/themes/food-restro-child/functions.php:54
Stack trace:
#0 /homepages/21/d738916443/htdocs/woop/wp-settings.php(585): include()
#1 /homepages/21/d738916443/htdocs/woop/wp-config.php(98): require_once('/homepages/21/d...')
#2 /homepages/21/d738916443/htdocs/woop/wp-load.php(50): require_once('/homepages/21/d...')
#3 /homepages/21/d738916443/htdocs/woop/wp-blog-header.php(13): require_once('/homepages/21/d...')
#4 /homepages/21/d738916443/htdocs/woop/index.php(17): require('/homepages/21/d...')
#5 {main}
  thrown in /homepages/21/d738916443/htdocs/woop/wp-content/themes/food-restro-child/functions.php on line 54

2023-03-28T10:39:19+00:00 CRITICAL Uncaught Error: Call to a member function get_payment_method_title() on null in /homepages/21/d738916443/htdocs/woop/wp-content/themes/food-restro-child/functions.php:54
Stack trace:
#0 /homepages/21/d738916443/htdocs/woop/wp-settings.php(585): include()
#1 /homepages/21/d738916443/htdocs/woop/wp-config.php(98): require_once('/homepages/21/d...')
#2 /homepages/21/d738916443/htdocs/woop/wp-load.php(50): require_once('/homepages/21/d...')
#3 /homepages/21/d738916443/htdocs/woop/wp-blog-header.php(13): require_once('/homepages/21/d...')
#4 /homepages/21/d738916443/htdocs/woop/index.php(17): require('/homepages/21/d...')
#5 {main}
  thrown in /homepages/21/d738916443/htdocs/woop/wp-content/themes/food-restro-child/functions.php on line 54

2023-03-28T10:39:20+00:00 CRITICAL Uncaught Error: Call to a member function get_payment_method_title() on null in /homepages/21/d738916443/htdocs/woop/wp-content/themes/food-restro-child/functions.php:54
Stack trace:
#0 /homepages/21/d738916443/htdocs/woop/wp-settings.php(585): include()
#1 /homepages/21/d738916443/htdocs/woop/wp-config.php(98): require_once('/homepages/21/d...')
#2 /homepages/21/d738916443/htdocs/woop/wp-load.php(50): require_once('/homepages/21/d...')
#3 /homepages/21/d738916443/htdocs/woop/wp-blog-header.php(13): require_once('/homepages/21/d...')
#4 /homepages/21/d738916443/htdocs/woop/index.php(17): require('/homepages/21/d...')
#5 {main}
  thrown in /homepages/21/d738916443/htdocs/woop/wp-content/themes/food-restro-child/functions.php on line 54

2023-03-28T10:39:27+00:00 CRITICAL Uncaught Error: Call to a member function get_payment_method_title() on null in /homepages/21/d738916443/htdocs/woop/wp-content/themes/food-restro-child/functions.php:54
Stack trace:
#0 /homepages/21/d738916443/htdocs/woop/wp-settings.php(585): include()
#1 /homepages/21/d738916443/htdocs/woop/wp-config.php(98): require_once('/homepages/21/d...')
#2 /homepages/21/d738916443/htdocs/woop/wp-load.php(50): require_once('/homepages/21/d...')
#3 /homepages/21/d738916443/htdocs/woop/wp-blog-header.php(13): require_once('/homepages/21/d...')
#4 /homepages/21/d738916443/htdocs/woop/index.php(17): require('/homepages/21/d...')
#5 {main}
  thrown in /homepages/21/d738916443/htdocs/woop/wp-content/themes/food-restro-child/functions.php on line 54

2023-03-28T10:39:28+00:00 CRITICAL Uncaught Error: Call to a member function get_payment_method_title() on null in /homepages/21/d738916443/htdocs/woop/wp-content/themes/food-restro-child/functions.php:54
Stack trace:
#0 /homepages/21/d738916443/htdocs/woop/wp-settings.php(585): include()
#1 /homepages/21/d738916443/htdocs/woop/wp-config.php(98): require_once('/homepages/21/d...')
#2 /homepages/21/d738916443/htdocs/woop/wp-load.php(50): require_once('/homepages/21/d...')
#3 /homepages/21/d738916443/htdocs/woop/wp-blog-header.php(13): require_once('/homepages/21/d...')
#4 /homepages/21/d738916443/htdocs/woop/index.php(17): require('/homepages/21/d...')
#5 {main}
  thrown in /homepages/21/d738916443/htdocs/woop/wp-content/themes/food-restro-child/functions.php on line 54

2023-03-28T10:49:26+00:00 CRITICAL Uncaught Error: Call to a member function needs_payment() on null in /homepages/21/d738916443/htdocs/woop/wp-content/themes/food-restro-child/functions.php:54
Stack trace:
#0 /homepages/21/d738916443/htdocs/woop/wp-settings.php(585): include()
#1 /homepages/21/d738916443/htdocs/woop/wp-config.php(98): require_once('/homepages/21/d...')
#2 /homepages/21/d738916443/htdocs/woop/wp-load.php(50): require_once('/homepages/21/d...')
#3 /homepages/21/d738916443/htdocs/woop/wp-admin/admin-ajax.php(22): require_once('/homepages/21/d...')
#4 {main}
  thrown in /homepages/21/d738916443/htdocs/woop/wp-content/themes/food-restro-child/functions.php on line 54

2023-03-28T10:49:33+00:00 CRITICAL Uncaught Error: Call to a member function needs_payment() on null in /homepages/21/d738916443/htdocs/woop/wp-content/themes/food-restro-child/functions.php:54
Stack trace:
#0 /homepages/21/d738916443/htdocs/woop/wp-settings.php(585): include()
#1 /homepages/21/d738916443/htdocs/woop/wp-config.php(98): require_once('/homepages/21/d...')
#2 /homepages/21/d738916443/htdocs/woop/wp-load.php(50): require_once('/homepages/21/d...')
#3 /homepages/21/d738916443/htdocs/woop/wp-blog-header.php(13): require_once('/homepages/21/d...')
#4 /homepages/21/d738916443/htdocs/woop/index.php(17): require('/homepages/21/d...')
#5 {main}
  thrown in /homepages/21/d738916443/htdocs/woop/wp-content/themes/food-restro-child/functions.php on line 54

2023-03-28T10:49:34+00:00 CRITICAL Uncaught Error: Call to a member function needs_payment() on null in /homepages/21/d738916443/htdocs/woop/wp-content/themes/food-restro-child/functions.php:54
Stack trace:
#0 /homepages/21/d738916443/htdocs/woop/wp-settings.php(585): include()
#1 /homepages/21/d738916443/htdocs/woop/wp-config.php(98): require_once('/homepages/21/d...')
#2 /homepages/21/d738916443/htdocs/woop/wp-load.php(50): require_once('/homepages/21/d...')
#3 /homepages/21/d738916443/htdocs/woop/wp-blog-header.php(13): require_once('/homepages/21/d...')
#4 /homepages/21/d738916443/htdocs/woop/index.php(17): require('/homepages/21/d...')
#5 {main}
  thrown in /homepages/21/d738916443/htdocs/woop/wp-content/themes/food-restro-child/functions.php on line 54

2023-03-28T10:49:35+00:00 CRITICAL Uncaught Error: Call to a member function needs_payment() on null in /homepages/21/d738916443/htdocs/woop/wp-content/themes/food-restro-child/functions.php:54
Stack trace:
#0 /homepages/21/d738916443/htdocs/woop/wp-settings.php(585): include()
#1 /homepages/21/d738916443/htdocs/woop/wp-config.php(98): require_once('/homepages/21/d...')
#2 /homepages/21/d738916443/htdocs/woop/wp-load.php(50): require_once('/homepages/21/d...')
#3 /homepages/21/d738916443/htdocs/woop/wp-blog-header.php(13): require_once('/homepages/21/d...')
#4 /homepages/21/d738916443/htdocs/woop/index.php(17): require('/homepages/21/d...')
#5 {main}
  thrown in /homepages/21/d738916443/htdocs/woop/wp-content/themes/food-restro-child/functions.php on line 54

2023-03-28T10:49:37+00:00 CRITICAL Uncaught Error: Call to a member function needs_payment() on null in /homepages/21/d738916443/htdocs/woop/wp-content/themes/food-restro-child/functions.php:54
Stack trace:
#0 /homepages/21/d738916443/htdocs/woop/wp-settings.php(585): include()
#1 /homepages/21/d738916443/htdocs/woop/wp-config.php(98): require_once('/homepages/21/d...')
#2 /homepages/21/d738916443/htdocs/woop/wp-load.php(50): require_once('/homepages/21/d...')
#3 /homepages/21/d738916443/htdocs/woop/wp-admin/admin-ajax.php(22): require_once('/homepages/21/d...')
#4 {main}
  thrown in /homepages/21/d738916443/htdocs/woop/wp-content/themes/food-restro-child/functions.php on line 54

2023-03-28T10:49:38+00:00 CRITICAL Uncaught Error: Call to a member function needs_payment() on null in /homepages/21/d738916443/htdocs/woop/wp-content/themes/food-restro-child/functions.php:54
Stack trace:
#0 /homepages/21/d738916443/htdocs/woop/wp-settings.php(585): include()
#1 /homepages/21/d738916443/htdocs/woop/wp-config.php(98): require_once('/homepages/21/d...')
#2 /homepages/21/d738916443/htdocs/woop/wp-load.php(50): require_once('/homepages/21/d...')
#3 /homepages/21/d738916443/htdocs/woop/wp-blog-header.php(13): require_once('/homepages/21/d...')
#4 /homepages/21/d738916443/htdocs/woop/index.php(17): require('/homepages/21/d...')
#5 {main}
  thrown in /homepages/21/d738916443/htdocs/woop/wp-content/themes/food-restro-child/functions.php on line 54

2023-03-28T10:49:39+00:00 CRITICAL Uncaught Error: Call to a member function needs_payment() on null in /homepages/21/d738916443/htdocs/woop/wp-content/themes/food-restro-child/functions.php:54
Stack trace:
#0 /homepages/21/d738916443/htdocs/woop/wp-settings.php(585): include()
#1 /homepages/21/d738916443/htdocs/woop/wp-config.php(98): require_once('/homepages/21/d...')
#2 /homepages/21/d738916443/htdocs/woop/wp-load.php(50): require_once('/homepages/21/d...')
#3 /homepages/21/d738916443/htdocs/woop/wp-admin/admin-ajax.php(22): require_once('/homepages/21/d...')
#4 {main}
  thrown in /homepages/21/d738916443/htdocs/woop/wp-content/themes/food-restro-child/functions.php on line 54

2023-03-28T10:49:43+00:00 CRITICAL Uncaught Error: Call to a member function needs_payment() on null in /homepages/21/d738916443/htdocs/woop/wp-content/themes/food-restro-child/functions.php:54
Stack trace:
#0 /homepages/21/d738916443/htdocs/woop/wp-settings.php(585): include()
#1 /homepages/21/d738916443/htdocs/woop/wp-config.php(98): require_once('/homepages/21/d...')
#2 /homepages/21/d738916443/htdocs/woop/wp-load.php(50): require_once('/homepages/21/d...')
#3 /homepages/21/d738916443/htdocs/woop/wp-admin/admin-ajax.php(22): require_once('/homepages/21/d...')
#4 {main}
  thrown in /homepages/21/d738916443/htdocs/woop/wp-content/themes/food-restro-child/functions.php on line 54

2023-03-28T10:49:43+00:00 CRITICAL Uncaught Error: Call to a member function needs_payment() on null in /homepages/21/d738916443/htdocs/woop/wp-content/themes/food-restro-child/functions.php:54
Stack trace:
#0 /homepages/21/d738916443/htdocs/woop/wp-settings.php(585): include()
#1 /homepages/21/d738916443/htdocs/woop/wp-config.php(98): require_once('/homepages/21/d...')
#2 /homepages/21/d738916443/htdocs/woop/wp-load.php(50): require_once('/homepages/21/d...')
#3 /homepages/21/d738916443/htdocs/woop/wp-blog-header.php(13): require_once('/homepages/21/d...')
#4 /homepages/21/d738916443/htdocs/woop/index.php(17): require('/homepages/21/d...')
#5 {main}
  thrown in /homepages/21/d738916443/htdocs/woop/wp-content/themes/food-restro-child/functions.php on line 54

2023-03-28T10:49:44+00:00 CRITICAL Uncaught Error: Call to a member function needs_payment() on null in /homepages/21/d738916443/htdocs/woop/wp-content/themes/food-restro-child/functions.php:54
Stack trace:
#0 /homepages/21/d738916443/htdocs/woop/wp-settings.php(585): include()
#1 /homepages/21/d738916443/htdocs/woop/wp-config.php(98): require_once('/homepages/21/d...')
#2 /homepages/21/d738916443/htdocs/woop/wp-load.php(50): require_once('/homepages/21/d...')
#3 /homepages/21/d738916443/htdocs/woop/wp-blog-header.php(13): require_once('/homepages/21/d...')
#4 /homepages/21/d738916443/htdocs/woop/index.php(17): require('/homepages/21/d...')
#5 {main}
  thrown in /homepages/21/d738916443/htdocs/woop/wp-content/themes/food-restro-child/functions.php on line 54

2023-03-28T10:49:45+00:00 CRITICAL Uncaught Error: Call to a member function needs_payment() on null in /homepages/21/d738916443/htdocs/woop/wp-content/themes/food-restro-child/functions.php:54
Stack trace:
#0 /homepages/21/d738916443/htdocs/woop/wp-settings.php(585): include()
#1 /homepages/21/d738916443/htdocs/woop/wp-config.php(98): require_once('/homepages/21/d...')
#2 /homepages/21/d738916443/htdocs/woop/wp-load.php(50): require_once('/homepages/21/d...')
#3 /homepages/21/d738916443/htdocs/woop/wp-blog-header.php(13): require_once('/homepages/21/d...')
#4 /homepages/21/d738916443/htdocs/woop/index.php(17): require('/homepages/21/d...')
#5 {main}
  thrown in /homepages/21/d738916443/htdocs/woop/wp-content/themes/food-restro-child/functions.php on line 54

2023-03-28T10:49:47+00:00 CRITICAL Uncaught Error: Call to a member function needs_payment() on null in /homepages/21/d738916443/htdocs/woop/wp-content/themes/food-restro-child/functions.php:54
Stack trace:
#0 /homepages/21/d738916443/htdocs/woop/wp-settings.php(585): include()
#1 /homepages/21/d738916443/htdocs/woop/wp-config.php(98): require_once('/homepages/21/d...')
#2 /homepages/21/d738916443/htdocs/woop/wp-load.php(50): require_once('/homepages/21/d...')
#3 /homepages/21/d738916443/htdocs/woop/wp-blog-header.php(13): require_once('/homepages/21/d...')
#4 /homepages/21/d738916443/htdocs/woop/index.php(17): require('/homepages/21/d...')
#5 {main}
  thrown in /homepages/21/d738916443/htdocs/woop/wp-content/themes/food-restro-child/functions.php on line 54

2023-03-28T10:49:49+00:00 CRITICAL Uncaught Error: Call to a member function needs_payment() on null in /homepages/21/d738916443/htdocs/woop/wp-content/themes/food-restro-child/functions.php:54
Stack trace:
#0 /homepages/21/d738916443/htdocs/woop/wp-settings.php(585): include()
#1 /homepages/21/d738916443/htdocs/woop/wp-config.php(98): require_once('/homepages/21/d...')
#2 /homepages/21/d738916443/htdocs/woop/wp-load.php(50): require_once('/homepages/21/d...')
#3 /homepages/21/d738916443/htdocs/woop/wp-blog-header.php(13): require_once('/homepages/21/d...')
#4 /homepages/21/d738916443/htdocs/woop/index.php(17): require('/homepages/21/d...')
#5 {main}
  thrown in /homepages/21/d738916443/htdocs/woop/wp-content/themes/food-restro-child/functions.php on line 54

2023-03-28T10:49:49+00:00 CRITICAL Uncaught Error: Call to a member function needs_payment() on null in /homepages/21/d738916443/htdocs/woop/wp-content/themes/food-restro-child/functions.php:54
Stack trace:
#0 /homepages/21/d738916443/htdocs/woop/wp-settings.php(585): include()
#1 /homepages/21/d738916443/htdocs/woop/wp-config.php(98): require_once('/homepages/21/d...')
#2 /homepages/21/d738916443/htdocs/woop/wp-load.php(50): require_once('/homepages/21/d...')
#3 /homepages/21/d738916443/htdocs/woop/wp-admin/admin-ajax.php(22): require_once('/homepages/21/d...')
#4 {main}
  thrown in /homepages/21/d738916443/htdocs/woop/wp-content/themes/food-restro-child/functions.php on line 54

2023-03-28T10:50:02+00:00 CRITICAL Uncaught Error: Call to a member function needs_payment() on null in /homepages/21/d738916443/htdocs/woop/wp-content/themes/food-restro-child/functions.php:54
Stack trace:
#0 /homepages/21/d738916443/htdocs/woop/wp-settings.php(585): include()
#1 /homepages/21/d738916443/htdocs/woop/wp-config.php(98): require_once('/homepages/21/d...')
#2 /homepages/21/d738916443/htdocs/woop/wp-load.php(50): require_once('/homepages/21/d...')
#3 /homepages/21/d738916443/htdocs/woop/wp-blog-header.php(13): require_once('/homepages/21/d...')
#4 /homepages/21/d738916443/htdocs/woop/index.php(17): require('/homepages/21/d...')
#5 {main}
  thrown in /homepages/21/d738916443/htdocs/woop/wp-content/themes/food-restro-child/functions.php on line 54

2023-03-28T10:50:03+00:00 CRITICAL Uncaught Error: Call to a member function needs_payment() on null in /homepages/21/d738916443/htdocs/woop/wp-content/themes/food-restro-child/functions.php:54
Stack trace:
#0 /homepages/21/d738916443/htdocs/woop/wp-settings.php(585): include()
#1 /homepages/21/d738916443/htdocs/woop/wp-config.php(98): require_once('/homepages/21/d...')
#2 /homepages/21/d738916443/htdocs/woop/wp-load.php(50): require_once('/homepages/21/d...')
#3 /homepages/21/d738916443/htdocs/woop/wp-blog-header.php(13): require_once('/homepages/21/d...')
#4 /homepages/21/d738916443/htdocs/woop/index.php(17): require('/homepages/21/d...')
#5 {main}
  thrown in /homepages/21/d738916443/htdocs/woop/wp-content/themes/food-restro-child/functions.php on line 54

2023-03-28T10:53:19+00:00 CRITICAL Uncaught Error: Call to a member function get_discount_total() on null in /homepages/21/d738916443/htdocs/woop/wp-content/themes/food-restro-child/functions.php:53
Stack trace:
#0 /homepages/21/d738916443/htdocs/woop/wp-settings.php(585): include()
#1 /homepages/21/d738916443/htdocs/woop/wp-config.php(98): require_once('/homepages/21/d...')
#2 /homepages/21/d738916443/htdocs/woop/wp-load.php(50): require_once('/homepages/21/d...')
#3 /homepages/21/d738916443/htdocs/woop/wp-blog-header.php(13): require_once('/homepages/21/d...')
#4 /homepages/21/d738916443/htdocs/woop/index.php(17): require('/homepages/21/d...')
#5 {main}
  thrown in /homepages/21/d738916443/htdocs/woop/wp-content/themes/food-restro-child/functions.php on line 53

2023-03-28T10:53:19+00:00 CRITICAL Uncaught Error: Call to a member function get_discount_total() on null in /homepages/21/d738916443/htdocs/woop/wp-content/themes/food-restro-child/functions.php:53
Stack trace:
#0 /homepages/21/d738916443/htdocs/woop/wp-settings.php(585): include()
#1 /homepages/21/d738916443/htdocs/woop/wp-config.php(98): require_once('/homepages/21/d...')
#2 /homepages/21/d738916443/htdocs/woop/wp-load.php(50): require_once('/homepages/21/d...')
#3 /homepages/21/d738916443/htdocs/woop/wp-blog-header.php(13): require_once('/homepages/21/d...')
#4 /homepages/21/d738916443/htdocs/woop/index.php(17): require('/homepages/21/d...')
#5 {main}
  thrown in /homepages/21/d738916443/htdocs/woop/wp-content/themes/food-restro-child/functions.php on line 53

2023-03-28T10:53:19+00:00 CRITICAL Uncaught Error: Call to a member function get_discount_total() on null in /homepages/21/d738916443/htdocs/woop/wp-content/themes/food-restro-child/functions.php:53
Stack trace:
#0 /homepages/21/d738916443/htdocs/woop/wp-settings.php(585): include()
#1 /homepages/21/d738916443/htdocs/woop/wp-config.php(98): require_once('/homepages/21/d...')
#2 /homepages/21/d738916443/htdocs/woop/wp-load.php(50): require_once('/homepages/21/d...')
#3 /homepages/21/d738916443/htdocs/woop/wp-admin/admin-ajax.php(22): require_once('/homepages/21/d...')
#4 {main}
  thrown in /homepages/21/d738916443/htdocs/woop/wp-content/themes/food-restro-child/functions.php on line 53

2023-03-28T10:53:19+00:00 CRITICAL Uncaught Error: Call to a member function get_discount_total() on null in /homepages/21/d738916443/htdocs/woop/wp-content/themes/food-restro-child/functions.php:53
Stack trace:
#0 /homepages/21/d738916443/htdocs/woop/wp-settings.php(585): include()
#1 /homepages/21/d738916443/htdocs/woop/wp-config.php(98): require_once('/homepages/21/d...')
#2 /homepages/21/d738916443/htdocs/woop/wp-load.php(50): require_once('/homepages/21/d...')
#3 /homepages/21/d738916443/htdocs/woop/wp-blog-header.php(13): require_once('/homepages/21/d...')
#4 /homepages/21/d738916443/htdocs/woop/index.php(17): require('/homepages/21/d...')
#5 {main}
  thrown in /homepages/21/d738916443/htdocs/woop/wp-content/themes/food-restro-child/functions.php on line 53

2023-03-28T10:53:20+00:00 CRITICAL Uncaught Error: Call to a member function get_discount_total() on null in /homepages/21/d738916443/htdocs/woop/wp-content/themes/food-restro-child/functions.php:53
Stack trace:
#0 /homepages/21/d738916443/htdocs/woop/wp-settings.php(585): include()
#1 /homepages/21/d738916443/htdocs/woop/wp-config.php(98): require_once('/homepages/21/d...')
#2 /homepages/21/d738916443/htdocs/woop/wp-load.php(50): require_once('/homepages/21/d...')
#3 /homepages/21/d738916443/htdocs/woop/wp-blog-header.php(13): require_once('/homepages/21/d...')
#4 /homepages/21/d738916443/htdocs/woop/index.php(17): require('/homepages/21/d...')
#5 {main}
  thrown in /homepages/21/d738916443/htdocs/woop/wp-content/themes/food-restro-child/functions.php on line 53

2023-03-28T10:53:20+00:00 CRITICAL Uncaught Error: Call to a member function get_discount_total() on null in /homepages/21/d738916443/htdocs/woop/wp-content/themes/food-restro-child/functions.php:53
Stack trace:
#0 /homepages/21/d738916443/htdocs/woop/wp-settings.php(585): include()
#1 /homepages/21/d738916443/htdocs/woop/wp-config.php(98): require_once('/homepages/21/d...')
#2 /homepages/21/d738916443/htdocs/woop/wp-load.php(50): require_once('/homepages/21/d...')
#3 /homepages/21/d738916443/htdocs/woop/wp-blog-header.php(13): require_once('/homepages/21/d...')
#4 /homepages/21/d738916443/htdocs/woop/index.php(17): require('/homepages/21/d...')
#5 {main}
  thrown in /homepages/21/d738916443/htdocs/woop/wp-content/themes/food-restro-child/functions.php on line 53

2023-03-28T10:53:20+00:00 CRITICAL Uncaught Error: Call to a member function get_discount_total() on null in /homepages/21/d738916443/htdocs/woop/wp-content/themes/food-restro-child/functions.php:53
Stack trace:
#0 /homepages/21/d738916443/htdocs/woop/wp-settings.php(585): include()
#1 /homepages/21/d738916443/htdocs/woop/wp-config.php(98): require_once('/homepages/21/d...')
#2 /homepages/21/d738916443/htdocs/woop/wp-load.php(50): require_once('/homepages/21/d...')
#3 /homepages/21/d738916443/htdocs/woop/wp-blog-header.php(13): require_once('/homepages/21/d...')
#4 /homepages/21/d738916443/htdocs/woop/index.php(17): require('/homepages/21/d...')
#5 {main}
  thrown in /homepages/21/d738916443/htdocs/woop/wp-content/themes/food-restro-child/functions.php on line 53

2023-03-28T10:53:21+00:00 CRITICAL Uncaught Error: Call to a member function get_discount_total() on null in /homepages/21/d738916443/htdocs/woop/wp-content/themes/food-restro-child/functions.php:53
Stack trace:
#0 /homepages/21/d738916443/htdocs/woop/wp-settings.php(585): include()
#1 /homepages/21/d738916443/htdocs/woop/wp-config.php(98): require_once('/homepages/21/d...')
#2 /homepages/21/d738916443/htdocs/woop/wp-load.php(50): require_once('/homepages/21/d...')
#3 /homepages/21/d738916443/htdocs/woop/wp-blog-header.php(13): require_once('/homepages/21/d...')
#4 /homepages/21/d738916443/htdocs/woop/index.php(17): require('/homepages/21/d...')
#5 {main}
  thrown in /homepages/21/d738916443/htdocs/woop/wp-content/themes/food-restro-child/functions.php on line 53

2023-03-28T10:53:22+00:00 CRITICAL Uncaught Error: Call to a member function get_discount_total() on null in /homepages/21/d738916443/htdocs/woop/wp-content/themes/food-restro-child/functions.php:53
Stack trace:
#0 /homepages/21/d738916443/htdocs/woop/wp-settings.php(585): include()
#1 /homepages/21/d738916443/htdocs/woop/wp-config.php(98): require_once('/homepages/21/d...')
#2 /homepages/21/d738916443/htdocs/woop/wp-load.php(50): require_once('/homepages/21/d...')
#3 /homepages/21/d738916443/htdocs/woop/wp-blog-header.php(13): require_once('/homepages/21/d...')
#4 /homepages/21/d738916443/htdocs/woop/index.php(17): require('/homepages/21/d...')
#5 {main}
  thrown in /homepages/21/d738916443/htdocs/woop/wp-content/themes/food-restro-child/functions.php on line 53

2023-03-28T10:53:23+00:00 CRITICAL Uncaught Error: Call to a member function get_discount_total() on null in /homepages/21/d738916443/htdocs/woop/wp-content/themes/food-restro-child/functions.php:53
Stack trace:
#0 /homepages/21/d738916443/htdocs/woop/wp-settings.php(585): include()
#1 /homepages/21/d738916443/htdocs/woop/wp-config.php(98): require_once('/homepages/21/d...')
#2 /homepages/21/d738916443/htdocs/woop/wp-load.php(50): require_once('/homepages/21/d...')
#3 /homepages/21/d738916443/htdocs/woop/wp-admin/admin-ajax.php(22): require_once('/homepages/21/d...')
#4 {main}
  thrown in /homepages/21/d738916443/htdocs/woop/wp-content/themes/food-restro-child/functions.php on line 53

2023-03-28T10:53:23+00:00 CRITICAL Uncaught Error: Call to a member function get_discount_total() on null in /homepages/21/d738916443/htdocs/woop/wp-content/themes/food-restro-child/functions.php:53
Stack trace:
#0 /homepages/21/d738916443/htdocs/woop/wp-settings.php(585): include()
#1 /homepages/21/d738916443/htdocs/woop/wp-config.php(98): require_once('/homepages/21/d...')
#2 /homepages/21/d738916443/htdocs/woop/wp-load.php(50): require_once('/homepages/21/d...')
#3 /homepages/21/d738916443/htdocs/woop/wp-blog-header.php(13): require_once('/homepages/21/d...')
#4 /homepages/21/d738916443/htdocs/woop/index.php(17): require('/homepages/21/d...')
#5 {main}
  thrown in /homepages/21/d738916443/htdocs/woop/wp-content/themes/food-restro-child/functions.php on line 53

2023-03-28T10:53:25+00:00 CRITICAL Uncaught Error: Call to a member function get_discount_total() on null in /homepages/21/d738916443/htdocs/woop/wp-content/themes/food-restro-child/functions.php:53
Stack trace:
#0 /homepages/21/d738916443/htdocs/woop/wp-settings.php(585): include()
#1 /homepages/21/d738916443/htdocs/woop/wp-config.php(98): require_once('/homepages/21/d...')
#2 /homepages/21/d738916443/htdocs/woop/wp-load.php(50): require_once('/homepages/21/d...')
#3 /homepages/21/d738916443/htdocs/woop/wp-blog-header.php(13): require_once('/homepages/21/d...')
#4 /homepages/21/d738916443/htdocs/woop/index.php(17): require('/homepages/21/d...')
#5 {main}
  thrown in /homepages/21/d738916443/htdocs/woop/wp-content/themes/food-restro-child/functions.php on line 53

2023-03-28T10:53:26+00:00 CRITICAL Uncaught Error: Call to a member function get_discount_total() on null in /homepages/21/d738916443/htdocs/woop/wp-content/themes/food-restro-child/functions.php:53
Stack trace:
#0 /homepages/21/d738916443/htdocs/woop/wp-settings.php(585): include()
#1 /homepages/21/d738916443/htdocs/woop/wp-config.php(98): require_once('/homepages/21/d...')
#2 /homepages/21/d738916443/htdocs/woop/wp-load.php(50): require_once('/homepages/21/d...')
#3 /homepages/21/d738916443/htdocs/woop/wp-blog-header.php(13): require_once('/homepages/21/d...')
#4 /homepages/21/d738916443/htdocs/woop/index.php(17): require('/homepages/21/d...')
#5 {main}
  thrown in /homepages/21/d738916443/htdocs/woop/wp-content/themes/food-restro-child/functions.php on line 53

2023-03-28T10:53:27+00:00 CRITICAL Uncaught Error: Call to a member function get_discount_total() on null in /homepages/21/d738916443/htdocs/woop/wp-content/themes/food-restro-child/functions.php:53
Stack trace:
#0 /homepages/21/d738916443/htdocs/woop/wp-settings.php(585): include()
#1 /homepages/21/d738916443/htdocs/woop/wp-config.php(98): require_once('/homepages/21/d...')
#2 /homepages/21/d738916443/htdocs/woop/wp-load.php(50): require_once('/homepages/21/d...')
#3 /homepages/21/d738916443/htdocs/woop/wp-admin/admin-ajax.php(22): require_once('/homepages/21/d...')
#4 {main}
  thrown in /homepages/21/d738916443/htdocs/woop/wp-content/themes/food-restro-child/functions.php on line 53

2023-03-28T10:53:28+00:00 CRITICAL Uncaught Error: Call to a member function get_discount_total() on null in /homepages/21/d738916443/htdocs/woop/wp-content/themes/food-restro-child/functions.php:53
Stack trace:
#0 /homepages/21/d738916443/htdocs/woop/wp-settings.php(585): include()
#1 /homepages/21/d738916443/htdocs/woop/wp-config.php(98): require_once('/homepages/21/d...')
#2 /homepages/21/d738916443/htdocs/woop/wp-load.php(50): require_once('/homepages/21/d...')
#3 /homepages/21/d738916443/htdocs/woop/wp-blog-header.php(13): require_once('/homepages/21/d...')
#4 /homepages/21/d738916443/htdocs/woop/index.php(17): require('/homepages/21/d...')
#5 {main}
  thrown in /homepages/21/d738916443/htdocs/woop/wp-content/themes/food-restro-child/functions.php on line 53

2023-03-28T10:53:34+00:00 CRITICAL Uncaught Error: Call to a member function get_discount_total() on null in /homepages/21/d738916443/htdocs/woop/wp-content/themes/food-restro-child/functions.php:53
Stack trace:
#0 /homepages/21/d738916443/htdocs/woop/wp-settings.php(585): include()
#1 /homepages/21/d738916443/htdocs/woop/wp-config.php(98): require_once('/homepages/21/d...')
#2 /homepages/21/d738916443/htdocs/woop/wp-load.php(50): require_once('/homepages/21/d...')
#3 /homepages/21/d738916443/htdocs/woop/wp-admin/admin-ajax.php(22): require_once('/homepages/21/d...')
#4 {main}
  thrown in /homepages/21/d738916443/htdocs/woop/wp-content/themes/food-restro-child/functions.php on line 53

2023-03-28T10:53:51+00:00 CRITICAL Uncaught Error: Call to a member function get_discount_total() on null in /homepages/21/d738916443/htdocs/woop/wp-content/themes/food-restro-child/functions.php:53
Stack trace:
#0 /homepages/21/d738916443/htdocs/woop/wp-settings.php(585): include()
#1 /homepages/21/d738916443/htdocs/woop/wp-config.php(98): require_once('/homepages/21/d...')
#2 /homepages/21/d738916443/htdocs/woop/wp-load.php(50): require_once('/homepages/21/d...')
#3 /homepages/21/d738916443/htdocs/woop/wp-blog-header.php(13): require_once('/homepages/21/d...')
#4 /homepages/21/d738916443/htdocs/woop/index.php(17): require('/homepages/21/d...')
#5 {main}
  thrown in /homepages/21/d738916443/htdocs/woop/wp-content/themes/food-restro-child/functions.php on line 53

2023-03-28T10:53:59+00:00 CRITICAL Uncaught Error: Call to a member function get_discount_total() on null in /homepages/21/d738916443/htdocs/woop/wp-content/themes/food-restro-child/functions.php:53
Stack trace:
#0 /homepages/21/d738916443/htdocs/woop/wp-settings.php(585): include()
#1 /homepages/21/d738916443/htdocs/woop/wp-config.php(98): require_once('/homepages/21/d...')
#2 /homepages/21/d738916443/htdocs/woop/wp-load.php(50): require_once('/homepages/21/d...')
#3 /homepages/21/d738916443/htdocs/woop/wp-blog-header.php(13): require_once('/homepages/21/d...')
#4 /homepages/21/d738916443/htdocs/woop/index.php(17): require('/homepages/21/d...')
#5 {main}
  thrown in /homepages/21/d738916443/htdocs/woop/wp-content/themes/food-restro-child/functions.php on line 53

2023-03-28T10:54:04+00:00 CRITICAL Uncaught Error: Call to a member function get_discount_total() on null in /homepages/21/d738916443/htdocs/woop/wp-content/themes/food-restro-child/functions.php:53
Stack trace:
#0 /homepages/21/d738916443/htdocs/woop/wp-settings.php(585): include()
#1 /homepages/21/d738916443/htdocs/woop/wp-config.php(98): require_once('/homepages/21/d...')
#2 /homepages/21/d738916443/htdocs/woop/wp-load.php(50): require_once('/homepages/21/d...')
#3 /homepages/21/d738916443/htdocs/woop/wp-blog-header.php(13): require_once('/homepages/21/d...')
#4 /homepages/21/d738916443/htdocs/woop/index.php(17): require('/homepages/21/d...')
#5 {main}
  thrown in /homepages/21/d738916443/htdocs/woop/wp-content/themes/food-restro-child/functions.php on line 53

2023-03-28T10:54:06+00:00 CRITICAL Uncaught Error: Call to a member function get_discount_total() on null in /homepages/21/d738916443/htdocs/woop/wp-content/themes/food-restro-child/functions.php:53
Stack trace:
#0 /homepages/21/d738916443/htdocs/woop/wp-settings.php(585): include()
#1 /homepages/21/d738916443/htdocs/woop/wp-config.php(98): require_once('/homepages/21/d...')
#2 /homepages/21/d738916443/htdocs/woop/wp-load.php(50): require_once('/homepages/21/d...')
#3 /homepages/21/d738916443/htdocs/woop/wp-blog-header.php(13): require_once('/homepages/21/d...')
#4 /homepages/21/d738916443/htdocs/woop/index.php(17): require('/homepages/21/d...')
#5 {main}
  thrown in /homepages/21/d738916443/htdocs/woop/wp-content/themes/food-restro-child/functions.php on line 53

2023-03-28T10:54:07+00:00 CRITICAL Uncaught Error: Call to a member function get_discount_total() on null in /homepages/21/d738916443/htdocs/woop/wp-content/themes/food-restro-child/functions.php:53
Stack trace:
#0 /homepages/21/d738916443/htdocs/woop/wp-settings.php(585): include()
#1 /homepages/21/d738916443/htdocs/woop/wp-config.php(98): require_once('/homepages/21/d...')
#2 /homepages/21/d738916443/htdocs/woop/wp-load.php(50): require_once('/homepages/21/d...')
#3 /homepages/21/d738916443/htdocs/woop/wp-blog-header.php(13): require_once('/homepages/21/d...')
#4 /homepages/21/d738916443/htdocs/woop/index.php(17): require('/homepages/21/d...')
#5 {main}
  thrown in /homepages/21/d738916443/htdocs/woop/wp-content/themes/food-restro-child/functions.php on line 53

2023-03-28T10:54:20+00:00 CRITICAL Uncaught Error: Call to a member function get_discount_total() on null in /homepages/21/d738916443/htdocs/woop/wp-content/themes/food-restro-child/functions.php:53
Stack trace:
#0 /homepages/21/d738916443/htdocs/woop/wp-settings.php(585): include()
#1 /homepages/21/d738916443/htdocs/woop/wp-config.php(98): require_once('/homepages/21/d...')
#2 /homepages/21/d738916443/htdocs/woop/wp-load.php(50): require_once('/homepages/21/d...')
#3 /homepages/21/d738916443/htdocs/woop/wp-blog-header.php(13): require_once('/homepages/21/d...')
#4 /homepages/21/d738916443/htdocs/woop/index.php(17): require('/homepages/21/d...')
#5 {main}
  thrown in /homepages/21/d738916443/htdocs/woop/wp-content/themes/food-restro-child/functions.php on line 53

2023-03-28T10:54:21+00:00 CRITICAL Uncaught Error: Call to a member function get_discount_total() on null in /homepages/21/d738916443/htdocs/woop/wp-content/themes/food-restro-child/functions.php:53
Stack trace:
#0 /homepages/21/d738916443/htdocs/woop/wp-settings.php(585): include()
#1 /homepages/21/d738916443/htdocs/woop/wp-config.php(98): require_once('/homepages/21/d...')
#2 /homepages/21/d738916443/htdocs/woop/wp-load.php(50): require_once('/homepages/21/d...')
#3 /homepages/21/d738916443/htdocs/woop/wp-blog-header.php(13): require_once('/homepages/21/d...')
#4 /homepages/21/d738916443/htdocs/woop/index.php(17): require('/homepages/21/d...')
#5 {main}
  thrown in /homepages/21/d738916443/htdocs/woop/wp-content/themes/food-restro-child/functions.php on line 53

2023-03-28T10:54:22+00:00 CRITICAL Uncaught Error: Call to a member function get_discount_total() on null in /homepages/21/d738916443/htdocs/woop/wp-content/themes/food-restro-child/functions.php:53
Stack trace:
#0 /homepages/21/d738916443/htdocs/woop/wp-settings.php(585): include()
#1 /homepages/21/d738916443/htdocs/woop/wp-config.php(98): require_once('/homepages/21/d...')
#2 /homepages/21/d738916443/htdocs/woop/wp-load.php(50): require_once('/homepages/21/d...')
#3 /homepages/21/d738916443/htdocs/woop/wp-blog-header.php(13): require_once('/homepages/21/d...')
#4 /homepages/21/d738916443/htdocs/woop/index.php(17): require('/homepages/21/d...')
#5 {main}
  thrown in /homepages/21/d738916443/htdocs/woop/wp-content/themes/food-restro-child/functions.php on line 53

2023-03-28T10:54:23+00:00 CRITICAL Uncaught Error: Call to a member function get_discount_total() on null in /homepages/21/d738916443/htdocs/woop/wp-content/themes/food-restro-child/functions.php:53
Stack trace:
#0 /homepages/21/d738916443/htdocs/woop/wp-settings.php(585): include()
#1 /homepages/21/d738916443/htdocs/woop/wp-config.php(98): require_once('/homepages/21/d...')
#2 /homepages/21/d738916443/htdocs/woop/wp-load.php(50): require_once('/homepages/21/d...')
#3 /homepages/21/d738916443/htdocs/woop/wp-blog-header.php(13): require_once('/homepages/21/d...')
#4 /homepages/21/d738916443/htdocs/woop/index.php(17): require('/homepages/21/d...')
#5 {main}
  thrown in /homepages/21/d738916443/htdocs/woop/wp-content/themes/food-restro-child/functions.php on line 53

2023-03-28T10:54:24+00:00 CRITICAL Uncaught Error: Call to a member function get_discount_total() on null in /homepages/21/d738916443/htdocs/woop/wp-content/themes/food-restro-child/functions.php:53
Stack trace:
#0 /homepages/21/d738916443/htdocs/woop/wp-settings.php(585): include()
#1 /homepages/21/d738916443/htdocs/woop/wp-config.php(98): require_once('/homepages/21/d...')
#2 /homepages/21/d738916443/htdocs/woop/wp-load.php(50): require_once('/homepages/21/d...')
#3 /homepages/21/d738916443/htdocs/woop/wp-blog-header.php(13): require_once('/homepages/21/d...')
#4 /homepages/21/d738916443/htdocs/woop/index.php(17): require('/homepages/21/d...')
#5 {main}
  thrown in /homepages/21/d738916443/htdocs/woop/wp-content/themes/food-restro-child/functions.php on line 53

2023-03-28T10:54:26+00:00 CRITICAL Uncaught Error: Call to a member function get_discount_total() on null in /homepages/21/d738916443/htdocs/woop/wp-content/themes/food-restro-child/functions.php:53
Stack trace:
#0 /homepages/21/d738916443/htdocs/woop/wp-settings.php(585): include()
#1 /homepages/21/d738916443/htdocs/woop/wp-config.php(98): require_once('/homepages/21/d...')
#2 /homepages/21/d738916443/htdocs/woop/wp-load.php(50): require_once('/homepages/21/d...')
#3 /homepages/21/d738916443/htdocs/woop/wp-blog-header.php(13): require_once('/homepages/21/d...')
#4 /homepages/21/d738916443/htdocs/woop/index.php(17): require('/homepages/21/d...')
#5 {main}
  thrown in /homepages/21/d738916443/htdocs/woop/wp-content/themes/food-restro-child/functions.php on line 53

2023-03-28T10:54:33+00:00 CRITICAL Uncaught Error: Call to a member function get_discount_total() on null in /homepages/21/d738916443/htdocs/woop/wp-content/themes/food-restro-child/functions.php:53
Stack trace:
#0 /homepages/21/d738916443/htdocs/woop/wp-settings.php(585): include()
#1 /homepages/21/d738916443/htdocs/woop/wp-config.php(98): require_once('/homepages/21/d...')
#2 /homepages/21/d738916443/htdocs/woop/wp-load.php(50): require_once('/homepages/21/d...')
#3 /homepages/21/d738916443/htdocs/woop/wp-blog-header.php(13): require_once('/homepages/21/d...')
#4 /homepages/21/d738916443/htdocs/woop/index.php(17): require('/homepages/21/d...')
#5 {main}
  thrown in /homepages/21/d738916443/htdocs/woop/wp-content/themes/food-restro-child/functions.php on line 53

2023-03-28T10:54:34+00:00 CRITICAL Uncaught Error: Call to a member function get_discount_total() on null in /homepages/21/d738916443/htdocs/woop/wp-content/themes/food-restro-child/functions.php:53
Stack trace:
#0 /homepages/21/d738916443/htdocs/woop/wp-settings.php(585): include()
#1 /homepages/21/d738916443/htdocs/woop/wp-config.php(98): require_once('/homepages/21/d...')
#2 /homepages/21/d738916443/htdocs/woop/wp-load.php(50): require_once('/homepages/21/d...')
#3 /homepages/21/d738916443/htdocs/woop/wp-blog-header.php(13): require_once('/homepages/21/d...')
#4 /homepages/21/d738916443/htdocs/woop/index.php(17): require('/homepages/21/d...')
#5 {main}
  thrown in /homepages/21/d738916443/htdocs/woop/wp-content/themes/food-restro-child/functions.php on line 53

2023-03-28T10:54:47+00:00 CRITICAL Uncaught Error: Call to a member function get_discount_total() on null in /homepages/21/d738916443/htdocs/woop/wp-content/themes/food-restro-child/functions.php:53
Stack trace:
#0 /homepages/21/d738916443/htdocs/woop/wp-settings.php(585): include()
#1 /homepages/21/d738916443/htdocs/woop/wp-config.php(98): require_once('/homepages/21/d...')
#2 /homepages/21/d738916443/htdocs/woop/wp-load.php(50): require_once('/homepages/21/d...')
#3 /homepages/21/d738916443/htdocs/woop/wp-blog-header.php(13): require_once('/homepages/21/d...')
#4 /homepages/21/d738916443/htdocs/woop/index.php(17): require('/homepages/21/d...')
#5 {main}
  thrown in /homepages/21/d738916443/htdocs/woop/wp-content/themes/food-restro-child/functions.php on line 53

2023-03-28T10:54:48+00:00 CRITICAL Uncaught Error: Call to a member function get_discount_total() on null in /homepages/21/d738916443/htdocs/woop/wp-content/themes/food-restro-child/functions.php:53
Stack trace:
#0 /homepages/21/d738916443/htdocs/woop/wp-settings.php(585): include()
#1 /homepages/21/d738916443/htdocs/woop/wp-config.php(98): require_once('/homepages/21/d...')
#2 /homepages/21/d738916443/htdocs/woop/wp-load.php(50): require_once('/homepages/21/d...')
#3 /homepages/21/d738916443/htdocs/woop/wp-blog-header.php(13): require_once('/homepages/21/d...')
#4 /homepages/21/d738916443/htdocs/woop/index.php(17): require('/homepages/21/d...')
#5 {main}
  thrown in /homepages/21/d738916443/htdocs/woop/wp-content/themes/food-restro-child/functions.php on line 53

2023-03-28T12:25:14+00:00 CRITICAL Uncaught Error: Call to a member function get_payment_method() on bool in /homepages/21/d738916443/htdocs/woop/wp-content/themes/food-restro-child/functions.php:69
Stack trace:
#0 /homepages/21/d738916443/htdocs/woop/wp-settings.php(585): include()
#1 /homepages/21/d738916443/htdocs/woop/wp-config.php(98): require_once('/homepages/21/d...')
#2 /homepages/21/d738916443/htdocs/woop/wp-load.php(50): require_once('/homepages/21/d...')
#3 /homepages/21/d738916443/htdocs/woop/wp-admin/admin-ajax.php(22): require_once('/homepages/21/d...')
#4 {main}
  thrown in /homepages/21/d738916443/htdocs/woop/wp-content/themes/food-restro-child/functions.php on line 69

2023-03-28T12:25:17+00:00 CRITICAL Uncaught Error: Call to a member function get_payment_method() on bool in /homepages/21/d738916443/htdocs/woop/wp-content/themes/food-restro-child/functions.php:69
Stack trace:
#0 /homepages/21/d738916443/htdocs/woop/wp-settings.php(585): include()
#1 /homepages/21/d738916443/htdocs/woop/wp-config.php(98): require_once('/homepages/21/d...')
#2 /homepages/21/d738916443/htdocs/woop/wp-load.php(50): require_once('/homepages/21/d...')
#3 /homepages/21/d738916443/htdocs/woop/wp-blog-header.php(13): require_once('/homepages/21/d...')
#4 /homepages/21/d738916443/htdocs/woop/index.php(17): require('/homepages/21/d...')
#5 {main}
  thrown in /homepages/21/d738916443/htdocs/woop/wp-content/themes/food-restro-child/functions.php on line 69

2023-03-28T12:25:18+00:00 CRITICAL Uncaught Error: Call to a member function get_payment_method() on bool in /homepages/21/d738916443/htdocs/woop/wp-content/themes/food-restro-child/functions.php:69
Stack trace:
#0 /homepages/21/d738916443/htdocs/woop/wp-settings.php(585): include()
#1 /homepages/21/d738916443/htdocs/woop/wp-config.php(98): require_once('/homepages/21/d...')
#2 /homepages/21/d738916443/htdocs/woop/wp-load.php(50): require_once('/homepages/21/d...')
#3 /homepages/21/d738916443/htdocs/woop/wp-blog-header.php(13): require_once('/homepages/21/d...')
#4 /homepages/21/d738916443/htdocs/woop/index.php(17): require('/homepages/21/d...')
#5 {main}
  thrown in /homepages/21/d738916443/htdocs/woop/wp-content/themes/food-restro-child/functions.php on line 69

2023-03-28T12:25:20+00:00 CRITICAL Uncaught Error: Call to a member function get_payment_method() on bool in /homepages/21/d738916443/htdocs/woop/wp-content/themes/food-restro-child/functions.php:69
Stack trace:
#0 /homepages/21/d738916443/htdocs/woop/wp-settings.php(585): include()
#1 /homepages/21/d738916443/htdocs/woop/wp-config.php(98): require_once('/homepages/21/d...')
#2 /homepages/21/d738916443/htdocs/woop/wp-load.php(50): require_once('/homepages/21/d...')
#3 /homepages/21/d738916443/htdocs/woop/wp-blog-header.php(13): require_once('/homepages/21/d...')
#4 /homepages/21/d738916443/htdocs/woop/index.php(17): require('/homepages/21/d...')
#5 {main}
  thrown in /homepages/21/d738916443/htdocs/woop/wp-content/themes/food-restro-child/functions.php on line 69

2023-03-28T12:25:21+00:00 CRITICAL Uncaught Error: Call to a member function get_payment_method() on bool in /homepages/21/d738916443/htdocs/woop/wp-content/themes/food-restro-child/functions.php:69
Stack trace:
#0 /homepages/21/d738916443/htdocs/woop/wp-settings.php(585): include()
#1 /homepages/21/d738916443/htdocs/woop/wp-config.php(98): require_once('/homepages/21/d...')
#2 /homepages/21/d738916443/htdocs/woop/wp-load.php(50): require_once('/homepages/21/d...')
#3 /homepages/21/d738916443/htdocs/woop/wp-admin/admin-ajax.php(22): require_once('/homepages/21/d...')
#4 {main}
  thrown in /homepages/21/d738916443/htdocs/woop/wp-content/themes/food-restro-child/functions.php on line 69

2023-03-28T12:25:21+00:00 CRITICAL Uncaught Error: Call to a member function get_payment_method() on bool in /homepages/21/d738916443/htdocs/woop/wp-content/themes/food-restro-child/functions.php:69
Stack trace:
#0 /homepages/21/d738916443/htdocs/woop/wp-settings.php(585): include()
#1 /homepages/21/d738916443/htdocs/woop/wp-config.php(98): require_once('/homepages/21/d...')
#2 /homepages/21/d738916443/htdocs/woop/wp-load.php(50): require_once('/homepages/21/d...')
#3 /homepages/21/d738916443/htdocs/woop/wp-blog-header.php(13): require_once('/homepages/21/d...')
#4 /homepages/21/d738916443/htdocs/woop/index.php(17): require('/homepages/21/d...')
#5 {main}
  thrown in /homepages/21/d738916443/htdocs/woop/wp-content/themes/food-restro-child/functions.php on line 69

2023-03-28T12:27:31+00:00 CRITICAL Uncaught Error: Call to a member function get_payment_method() on bool in /homepages/21/d738916443/htdocs/woop/wp-content/themes/food-restro-child/functions.php:70
Stack trace:
#0 /homepages/21/d738916443/htdocs/woop/wp-settings.php(585): include()
#1 /homepages/21/d738916443/htdocs/woop/wp-config.php(98): require_once('/homepages/21/d...')
#2 /homepages/21/d738916443/htdocs/woop/wp-load.php(50): require_once('/homepages/21/d...')
#3 /homepages/21/d738916443/htdocs/woop/wp-blog-header.php(13): require_once('/homepages/21/d...')
#4 /homepages/21/d738916443/htdocs/woop/index.php(17): require('/homepages/21/d...')
#5 {main}
  thrown in /homepages/21/d738916443/htdocs/woop/wp-content/themes/food-restro-child/functions.php on line 70

2023-03-28T12:27:31+00:00 CRITICAL Uncaught Error: Call to a member function get_payment_method() on bool in /homepages/21/d738916443/htdocs/woop/wp-content/themes/food-restro-child/functions.php:70
Stack trace:
#0 /homepages/21/d738916443/htdocs/woop/wp-settings.php(585): include()
#1 /homepages/21/d738916443/htdocs/woop/wp-config.php(98): require_once('/homepages/21/d...')
#2 /homepages/21/d738916443/htdocs/woop/wp-load.php(50): require_once('/homepages/21/d...')
#3 /homepages/21/d738916443/htdocs/woop/wp-blog-header.php(13): require_once('/homepages/21/d...')
#4 /homepages/21/d738916443/htdocs/woop/index.php(17): require('/homepages/21/d...')
#5 {main}
  thrown in /homepages/21/d738916443/htdocs/woop/wp-content/themes/food-restro-child/functions.php on line 70

2023-03-28T12:27:32+00:00 CRITICAL Uncaught Error: Call to a member function get_payment_method() on bool in /homepages/21/d738916443/htdocs/woop/wp-content/themes/food-restro-child/functions.php:70
Stack trace:
#0 /homepages/21/d738916443/htdocs/woop/wp-settings.php(585): include()
#1 /homepages/21/d738916443/htdocs/woop/wp-config.php(98): require_once('/homepages/21/d...')
#2 /homepages/21/d738916443/htdocs/woop/wp-load.php(50): require_once('/homepages/21/d...')
#3 /homepages/21/d738916443/htdocs/woop/wp-blog-header.php(13): require_once('/homepages/21/d...')
#4 /homepages/21/d738916443/htdocs/woop/index.php(17): require('/homepages/21/d...')
#5 {main}
  thrown in /homepages/21/d738916443/htdocs/woop/wp-content/themes/food-restro-child/functions.php on line 70

2023-03-28T12:27:38+00:00 CRITICAL Uncaught Error: Call to a member function get_payment_method() on bool in /homepages/21/d738916443/htdocs/woop/wp-content/themes/food-restro-child/functions.php:70
Stack trace:
#0 /homepages/21/d738916443/htdocs/woop/wp-settings.php(585): include()
#1 /homepages/21/d738916443/htdocs/woop/wp-config.php(98): require_once('/homepages/21/d...')
#2 /homepages/21/d738916443/htdocs/woop/wp-load.php(50): require_once('/homepages/21/d...')
#3 /homepages/21/d738916443/htdocs/woop/wp-blog-header.php(13): require_once('/homepages/21/d...')
#4 /homepages/21/d738916443/htdocs/woop/index.php(17): require('/homepages/21/d...')
#5 {main}
  thrown in /homepages/21/d738916443/htdocs/woop/wp-content/themes/food-restro-child/functions.php on line 70

2023-03-28T12:27:39+00:00 CRITICAL Uncaught Error: Call to a member function get_payment_method() on bool in /homepages/21/d738916443/htdocs/woop/wp-content/themes/food-restro-child/functions.php:70
Stack trace:
#0 /homepages/21/d738916443/htdocs/woop/wp-settings.php(585): include()
#1 /homepages/21/d738916443/htdocs/woop/wp-config.php(98): require_once('/homepages/21/d...')
#2 /homepages/21/d738916443/htdocs/woop/wp-load.php(50): require_once('/homepages/21/d...')
#3 /homepages/21/d738916443/htdocs/woop/wp-blog-header.php(13): require_once('/homepages/21/d...')
#4 /homepages/21/d738916443/htdocs/woop/index.php(17): require('/homepages/21/d...')
#5 {main}
  thrown in /homepages/21/d738916443/htdocs/woop/wp-content/themes/food-restro-child/functions.php on line 70

2023-03-28T12:27:40+00:00 CRITICAL Uncaught Error: Call to a member function get_payment_method() on bool in /homepages/21/d738916443/htdocs/woop/wp-content/themes/food-restro-child/functions.php:70
Stack trace:
#0 /homepages/21/d738916443/htdocs/woop/wp-settings.php(585): include()
#1 /homepages/21/d738916443/htdocs/woop/wp-config.php(98): require_once('/homepages/21/d...')
#2 /homepages/21/d738916443/htdocs/woop/wp-load.php(50): require_once('/homepages/21/d...')
#3 /homepages/21/d738916443/htdocs/woop/wp-blog-header.php(13): require_once('/homepages/21/d...')
#4 /homepages/21/d738916443/htdocs/woop/index.php(17): require('/homepages/21/d...')
#5 {main}
  thrown in /homepages/21/d738916443/htdocs/woop/wp-content/themes/food-restro-child/functions.php on line 70

2023-03-28T12:28:08+00:00 CRITICAL Uncaught Error: Call to a member function get_payment_method() on bool in /homepages/21/d738916443/htdocs/woop/wp-content/themes/food-restro-child/functions.php:70
Stack trace:
#0 /homepages/21/d738916443/htdocs/woop/wp-settings.php(585): include()
#1 /homepages/21/d738916443/htdocs/woop/wp-config.php(98): require_once('/homepages/21/d...')
#2 /homepages/21/d738916443/htdocs/woop/wp-load.php(50): require_once('/homepages/21/d...')
#3 /homepages/21/d738916443/htdocs/woop/wp-admin/admin-ajax.php(22): require_once('/homepages/21/d...')
#4 {main}
  thrown in /homepages/21/d738916443/htdocs/woop/wp-content/themes/food-restro-child/functions.php on line 70

2023-03-28T12:28:50+00:00 CRITICAL Uncaught Error: Call to a member function get_payment_method() on bool in /homepages/21/d738916443/htdocs/woop/wp-content/themes/food-restro-child/functions.php:70
Stack trace:
#0 /homepages/21/d738916443/htdocs/woop/wp-settings.php(585): include()
#1 /homepages/21/d738916443/htdocs/woop/wp-config.php(98): require_once('/homepages/21/d...')
#2 /homepages/21/d738916443/htdocs/woop/wp-load.php(50): require_once('/homepages/21/d...')
#3 /homepages/21/d738916443/htdocs/woop/wp-blog-header.php(13): require_once('/homepages/21/d...')
#4 /homepages/21/d738916443/htdocs/woop/index.php(17): require('/homepages/21/d...')
#5 {main}
  thrown in /homepages/21/d738916443/htdocs/woop/wp-content/themes/food-restro-child/functions.php on line 70

2023-03-28T12:46:00+00:00 CRITICAL Out of memory (allocated 839008256) (tried to allocate 189947904 bytes) in /homepages/21/d738916443/htdocs/woop/wp-content/themes/food-restro-child/functions.php on line 67

2023-03-28T12:46:05+00:00 CRITICAL Out of memory (allocated 839000064) (tried to allocate 196251648 bytes) in /homepages/21/d738916443/htdocs/woop/wp-content/themes/food-restro-child/functions.php on line 67

2023-03-28T12:46:07+00:00 CRITICAL Out of memory (allocated 839000064) (tried to allocate 196251648 bytes) in /homepages/21/d738916443/htdocs/woop/wp-content/themes/food-restro-child/functions.php on line 67

2023-03-28T12:46:08+00:00 CRITICAL Out of memory (allocated 839000064) (tried to allocate 196251648 bytes) in /homepages/21/d738916443/htdocs/woop/wp-content/themes/food-restro-child/functions.php on line 67

2023-03-28T12:46:11+00:00 CRITICAL Out of memory (allocated 839000064) (tried to allocate 196251648 bytes) in /homepages/21/d738916443/htdocs/woop/wp-content/themes/food-restro-child/functions.php on line 67

2023-03-28T12:46:13+00:00 CRITICAL Out of memory (allocated 839000064) (tried to allocate 196251648 bytes) in /homepages/21/d738916443/htdocs/woop/wp-content/themes/food-restro-child/functions.php on line 67

2023-03-28T12:47:00+00:00 CRITICAL Out of memory (allocated 839008256) (tried to allocate 189947904 bytes) in /homepages/21/d738916443/htdocs/woop/wp-content/themes/food-restro-child/functions.php on line 67

2023-03-28T12:47:39+00:00 CRITICAL Out of memory (allocated 839008256) (tried to allocate 189947904 bytes) in /homepages/21/d738916443/htdocs/woop/wp-content/themes/food-restro-child/functions.php on line 67

2023-03-28T12:51:15+00:00 CRITICAL Out of memory (allocated 839000064) (tried to allocate 196251648 bytes) in /homepages/21/d738916443/htdocs/woop/wp-content/themes/food-restro-child/functions.php on line 67

2023-03-28T12:51:17+00:00 CRITICAL Out of memory (allocated 839000064) (tried to allocate 196251648 bytes) in /homepages/21/d738916443/htdocs/woop/wp-content/themes/food-restro-child/functions.php on line 67

2023-03-28T12:51:19+00:00 CRITICAL Out of memory (allocated 839000064) (tried to allocate 196251648 bytes) in /homepages/21/d738916443/htdocs/woop/wp-content/themes/food-restro-child/functions.php on line 67

2023-03-28T12:51:20+00:00 CRITICAL Out of memory (allocated 839000064) (tried to allocate 196251648 bytes) in /homepages/21/d738916443/htdocs/woop/wp-content/themes/food-restro-child/functions.php on line 67

2023-03-28T12:51:20+00:00 CRITICAL Out of memory (allocated 839000064) (tried to allocate 196251648 bytes) in /homepages/21/d738916443/htdocs/woop/wp-content/themes/food-restro-child/functions.php on line 67

2023-03-28T12:51:20+00:00 CRITICAL Out of memory (allocated 839000064) (tried to allocate 196251648 bytes) in /homepages/21/d738916443/htdocs/woop/wp-content/themes/food-restro-child/functions.php on line 67

2023-03-28T12:51:21+00:00 CRITICAL Out of memory (allocated 839000064) (tried to allocate 196251648 bytes) in /homepages/21/d738916443/htdocs/woop/wp-content/themes/food-restro-child/functions.php on line 67

2023-03-28T12:51:21+00:00 CRITICAL Out of memory (allocated 839000064) (tried to allocate 196251648 bytes) in /homepages/21/d738916443/htdocs/woop/wp-content/themes/food-restro-child/functions.php on line 67

2023-03-28T12:51:22+00:00 CRITICAL Out of memory (allocated 839000064) (tried to allocate 196251648 bytes) in /homepages/21/d738916443/htdocs/woop/wp-content/themes/food-restro-child/functions.php on line 67

2023-03-28T12:51:23+00:00 CRITICAL Out of memory (allocated 839000064) (tried to allocate 196251648 bytes) in /homepages/21/d738916443/htdocs/woop/wp-content/themes/food-restro-child/functions.php on line 67

2023-03-28T12:51:45+00:00 CRITICAL Unclosed '{' on line 527 in /homepages/21/d738916443/htdocs/woop/wp-content/plugins/woocommerce-pdf-invoices-packing-slips/includes/documents/abstract-wcpdf-order-document-methods.php on line 529

2023-03-28T12:57:00+00:00 CRITICAL Out of memory (allocated 839000064) (tried to allocate 196251648 bytes) in /homepages/21/d738916443/htdocs/woop/wp-content/themes/food-restro-child/functions.php on line 68

2023-03-28T12:57:00+00:00 CRITICAL Out of memory (allocated 839000064) (tried to allocate 196251648 bytes) in /homepages/21/d738916443/htdocs/woop/wp-content/themes/food-restro-child/functions.php on line 68

2023-03-28T12:57:03+00:00 CRITICAL Out of memory (allocated 839000064) (tried to allocate 196251648 bytes) in /homepages/21/d738916443/htdocs/woop/wp-content/themes/food-restro-child/functions.php on line 68

2023-03-28T12:57:11+00:00 CRITICAL Out of memory (allocated 839000064) (tried to allocate 196251648 bytes) in /homepages/21/d738916443/htdocs/woop/wp-content/themes/food-restro-child/functions.php on line 68

2023-03-28T12:57:13+00:00 CRITICAL Out of memory (allocated 839000064) (tried to allocate 196251648 bytes) in /homepages/21/d738916443/htdocs/woop/wp-content/themes/food-restro-child/functions.php on line 68

2023-03-28T12:57:38+00:00 CRITICAL Out of memory (allocated 839000064) (tried to allocate 196251648 bytes) in /homepages/21/d738916443/htdocs/woop/wp-content/themes/food-restro-child/functions.php on line 68

2023-03-28T12:57:39+00:00 CRITICAL Out of memory (allocated 839000064) (tried to allocate 196251648 bytes) in /homepages/21/d738916443/htdocs/woop/wp-content/themes/food-restro-child/functions.php on line 68

2023-03-28T12:57:46+00:00 CRITICAL Out of memory (allocated 839000064) (tried to allocate 196251648 bytes) in /homepages/21/d738916443/htdocs/woop/wp-content/themes/food-restro-child/functions.php on line 68

2023-03-28T12:57:48+00:00 CRITICAL Out of memory (allocated 839000064) (tried to allocate 196251648 bytes) in /homepages/21/d738916443/htdocs/woop/wp-content/themes/food-restro-child/functions.php on line 68

2023-03-28T13:03:01+00:00 CRITICAL Uncaught Exception: Invalid order. in /homepages/21/d738916443/htdocs/woop/wp-content/plugins/woocommerce/includes/data-stores/abstract-wc-order-data-store-cpt.php:120
Stack trace:
#0 /homepages/21/d738916443/htdocs/woop/wp-content/plugins/woocommerce/includes/class-wc-data-store.php(159): Abstract_WC_Order_Data_Store_CPT->read()
#1 /homepages/21/d738916443/htdocs/woop/wp-content/plugins/woocommerce/includes/abstracts/abstract-wc-order.php(128): WC_Data_Store->read()
#2 /homepages/21/d738916443/htdocs/woop/wp-content/themes/food-restro-child/functions.php(70): WC_Abstract_Order->__construct()
#3 /homepages/21/d738916443/htdocs/woop/wp-settings.php(585): include('/homepages/21/d...')
#4 /homepages/21/d738916443/htdocs/woop/wp-config.php(98): require_once('/homepages/21/d...')
#5 /homepages/21/d738916443/htdocs/woop/wp-load.php(50): require_once('/homepages/21/d...')
#6 /homepages/21/d738916443/htdocs/woop/wp-blog-header.php(13): require_once('/homepages/21/d...')
#7 /homepages/21/d738916443/htdocs/woop/index.php(17): require('/homepages/21/d...')
#8 {main}
  thrown in /homepages/21/d738916443/htdocs/woop/wp-content/plugins/woocommerce/includes/data-stores/abstract-wc-order-data-store-cpt.php on line 120

2023-03-28T13:03:02+00:00 CRITICAL Uncaught Exception: Invalid order. in /homepages/21/d738916443/htdocs/woop/wp-content/plugins/woocommerce/includes/data-stores/abstract-wc-order-data-store-cpt.php:120
Stack trace:
#0 /homepages/21/d738916443/htdocs/woop/wp-content/plugins/woocommerce/includes/class-wc-data-store.php(159): Abstract_WC_Order_Data_Store_CPT->read()
#1 /homepages/21/d738916443/htdocs/woop/wp-content/plugins/woocommerce/includes/abstracts/abstract-wc-order.php(128): WC_Data_Store->read()
#2 /homepages/21/d738916443/htdocs/woop/wp-content/themes/food-restro-child/functions.php(70): WC_Abstract_Order->__construct()
#3 /homepages/21/d738916443/htdocs/woop/wp-settings.php(585): include('/homepages/21/d...')
#4 /homepages/21/d738916443/htdocs/woop/wp-config.php(98): require_once('/homepages/21/d...')
#5 /homepages/21/d738916443/htdocs/woop/wp-load.php(50): require_once('/homepages/21/d...')
#6 /homepages/21/d738916443/htdocs/woop/wp-blog-header.php(13): require_once('/homepages/21/d...')
#7 /homepages/21/d738916443/htdocs/woop/index.php(17): require('/homepages/21/d...')
#8 {main}
  thrown in /homepages/21/d738916443/htdocs/woop/wp-content/plugins/woocommerce/includes/data-stores/abstract-wc-order-data-store-cpt.php on line 120

2023-03-28T13:03:03+00:00 CRITICAL Uncaught Exception: Invalid order. in /homepages/21/d738916443/htdocs/woop/wp-content/plugins/woocommerce/includes/data-stores/abstract-wc-order-data-store-cpt.php:120
Stack trace:
#0 /homepages/21/d738916443/htdocs/woop/wp-content/plugins/woocommerce/includes/class-wc-data-store.php(159): Abstract_WC_Order_Data_Store_CPT->read()
#1 /homepages/21/d738916443/htdocs/woop/wp-content/plugins/woocommerce/includes/abstracts/abstract-wc-order.php(128): WC_Data_Store->read()
#2 /homepages/21/d738916443/htdocs/woop/wp-content/themes/food-restro-child/functions.php(70): WC_Abstract_Order->__construct()
#3 /homepages/21/d738916443/htdocs/woop/wp-settings.php(585): include('/homepages/21/d...')
#4 /homepages/21/d738916443/htdocs/woop/wp-config.php(98): require_once('/homepages/21/d...')
#5 /homepages/21/d738916443/htdocs/woop/wp-load.php(50): require_once('/homepages/21/d...')
#6 /homepages/21/d738916443/htdocs/woop/wp-blog-header.php(13): require_once('/homepages/21/d...')
#7 /homepages/21/d738916443/htdocs/woop/index.php(17): require('/homepages/21/d...')
#8 {main}
  thrown in /homepages/21/d738916443/htdocs/woop/wp-content/plugins/woocommerce/includes/data-stores/abstract-wc-order-data-store-cpt.php on line 120

2023-03-28T13:04:50+00:00 CRITICAL Uncaught Exception: Invalid order. in /homepages/21/d738916443/htdocs/woop/wp-content/plugins/woocommerce/includes/data-stores/abstract-wc-order-data-store-cpt.php:120
Stack trace:
#0 /homepages/21/d738916443/htdocs/woop/wp-content/plugins/woocommerce/includes/class-wc-data-store.php(159): Abstract_WC_Order_Data_Store_CPT->read()
#1 /homepages/21/d738916443/htdocs/woop/wp-content/plugins/woocommerce/includes/abstracts/abstract-wc-order.php(128): WC_Data_Store->read()
#2 /homepages/21/d738916443/htdocs/woop/wp-content/themes/food-restro-child/functions.php(70): WC_Abstract_Order->__construct()
#3 /homepages/21/d738916443/htdocs/woop/wp-settings.php(585): include('/homepages/21/d...')
#4 /homepages/21/d738916443/htdocs/woop/wp-config.php(98): require_once('/homepages/21/d...')
#5 /homepages/21/d738916443/htdocs/woop/wp-load.php(50): require_once('/homepages/21/d...')
#6 /homepages/21/d738916443/htdocs/woop/wp-admin/admin-ajax.php(22): require_once('/homepages/21/d...')
#7 {main}
  thrown in /homepages/21/d738916443/htdocs/woop/wp-content/plugins/woocommerce/includes/data-stores/abstract-wc-order-data-store-cpt.php on line 120

2023-03-28T13:04:51+00:00 CRITICAL Uncaught Exception: Invalid order. in /homepages/21/d738916443/htdocs/woop/wp-content/plugins/woocommerce/includes/data-stores/abstract-wc-order-data-store-cpt.php:120
Stack trace:
#0 /homepages/21/d738916443/htdocs/woop/wp-content/plugins/woocommerce/includes/class-wc-data-store.php(159): Abstract_WC_Order_Data_Store_CPT->read()
#1 /homepages/21/d738916443/htdocs/woop/wp-content/plugins/woocommerce/includes/abstracts/abstract-wc-order.php(128): WC_Data_Store->read()
#2 /homepages/21/d738916443/htdocs/woop/wp-content/themes/food-restro-child/functions.php(70): WC_Abstract_Order->__construct()
#3 /homepages/21/d738916443/htdocs/woop/wp-settings.php(585): include('/homepages/21/d...')
#4 /homepages/21/d738916443/htdocs/woop/wp-config.php(98): require_once('/homepages/21/d...')
#5 /homepages/21/d738916443/htdocs/woop/wp-load.php(50): require_once('/homepages/21/d...')
#6 /homepages/21/d738916443/htdocs/woop/wp-blog-header.php(13): require_once('/homepages/21/d...')
#7 /homepages/21/d738916443/htdocs/woop/index.php(17): require('/homepages/21/d...')
#8 {main}
  thrown in /homepages/21/d738916443/htdocs/woop/wp-content/plugins/woocommerce/includes/data-stores/abstract-wc-order-data-store-cpt.php on line 120

2023-03-28T13:05:01+00:00 CRITICAL Uncaught Exception: Invalid order. in /homepages/21/d738916443/htdocs/woop/wp-content/plugins/woocommerce/includes/data-stores/abstract-wc-order-data-store-cpt.php:120
Stack trace:
#0 /homepages/21/d738916443/htdocs/woop/wp-content/plugins/woocommerce/includes/class-wc-data-store.php(159): Abstract_WC_Order_Data_Store_CPT->read()
#1 /homepages/21/d738916443/htdocs/woop/wp-content/plugins/woocommerce/includes/abstracts/abstract-wc-order.php(128): WC_Data_Store->read()
#2 /homepages/21/d738916443/htdocs/woop/wp-content/themes/food-restro-child/functions.php(70): WC_Abstract_Order->__construct()
#3 /homepages/21/d738916443/htdocs/woop/wp-settings.php(585): include('/homepages/21/d...')
#4 /homepages/21/d738916443/htdocs/woop/wp-config.php(98): require_once('/homepages/21/d...')
#5 /homepages/21/d738916443/htdocs/woop/wp-load.php(50): require_once('/homepages/21/d...')
#6 /homepages/21/d738916443/htdocs/woop/wp-blog-header.php(13): require_once('/homepages/21/d...')
#7 /homepages/21/d738916443/htdocs/woop/index.php(17): require('/homepages/21/d...')
#8 {main}
  thrown in /homepages/21/d738916443/htdocs/woop/wp-content/plugins/woocommerce/includes/data-stores/abstract-wc-order-data-store-cpt.php on line 120

2023-03-28T13:22:31+00:00 CRITICAL Out of memory (allocated 839000064) (tried to allocate 196251648 bytes) in /homepages/21/d738916443/htdocs/woop/wp-content/themes/food-restro-child/functions.php on line 68

2023-03-28T13:22:33+00:00 CRITICAL Out of memory (allocated 839000064) (tried to allocate 196251648 bytes) in /homepages/21/d738916443/htdocs/woop/wp-content/themes/food-restro-child/functions.php on line 68

2023-03-28T13:23:10+00:00 CRITICAL Out of memory (allocated 839008256) (tried to allocate 189947904 bytes) in /homepages/21/d738916443/htdocs/woop/wp-content/themes/food-restro-child/functions.php on line 68

2023-03-28T13:23:12+00:00 CRITICAL Out of memory (allocated 839000064) (tried to allocate 196251648 bytes) in /homepages/21/d738916443/htdocs/woop/wp-content/themes/food-restro-child/functions.php on line 68

2023-03-28T13:23:12+00:00 CRITICAL Out of memory (allocated 839000064) (tried to allocate 196251648 bytes) in /homepages/21/d738916443/htdocs/woop/wp-content/themes/food-restro-child/functions.php on line 68

2023-03-28T13:23:13+00:00 CRITICAL Out of memory (allocated 839000064) (tried to allocate 196251648 bytes) in /homepages/21/d738916443/htdocs/woop/wp-content/themes/food-restro-child/functions.php on line 68

2023-03-28T13:23:19+00:00 CRITICAL Out of memory (allocated 839000064) (tried to allocate 196251648 bytes) in /homepages/21/d738916443/htdocs/woop/wp-content/themes/food-restro-child/functions.php on line 68

2023-03-28T13:23:21+00:00 CRITICAL Out of memory (allocated 839000064) (tried to allocate 196251648 bytes) in /homepages/21/d738916443/htdocs/woop/wp-content/themes/food-restro-child/functions.php on line 68

2023-03-28T13:23:21+00:00 CRITICAL Out of memory (allocated 839008256) (tried to allocate 189947904 bytes) in /homepages/21/d738916443/htdocs/woop/wp-content/themes/food-restro-child/functions.php on line 68

2023-03-28T13:23:23+00:00 CRITICAL Out of memory (allocated 839000064) (tried to allocate 196251648 bytes) in /homepages/21/d738916443/htdocs/woop/wp-content/themes/food-restro-child/functions.php on line 68

2023-03-28T13:24:58+00:00 CRITICAL Out of memory (allocated 839000064) (tried to allocate 196251648 bytes) in /homepages/21/d738916443/htdocs/woop/wp-content/themes/food-restro-child/functions.php on line 67

2023-03-28T13:24:58+00:00 CRITICAL Out of memory (allocated 839000064) (tried to allocate 196251648 bytes) in /homepages/21/d738916443/htdocs/woop/wp-content/themes/food-restro-child/functions.php on line 67

2023-03-28T13:24:59+00:00 CRITICAL Out of memory (allocated 839000064) (tried to allocate 196251648 bytes) in /homepages/21/d738916443/htdocs/woop/wp-content/themes/food-restro-child/functions.php on line 67

2023-03-28T13:24:59+00:00 CRITICAL Out of memory (allocated 839000064) (tried to allocate 196251648 bytes) in /homepages/21/d738916443/htdocs/woop/wp-content/themes/food-restro-child/functions.php on line 67

2023-03-28T13:25:00+00:00 CRITICAL Out of memory (allocated 839000064) (tried to allocate 196251648 bytes) in /homepages/21/d738916443/htdocs/woop/wp-content/themes/food-restro-child/functions.php on line 67

2023-03-28T13:25:04+00:00 CRITICAL Out of memory (allocated 839000064) (tried to allocate 196251648 bytes) in /homepages/21/d738916443/htdocs/woop/wp-content/themes/food-restro-child/functions.php on line 67

2023-03-28T13:25:06+00:00 CRITICAL Out of memory (allocated 839000064) (tried to allocate 196251648 bytes) in /homepages/21/d738916443/htdocs/woop/wp-content/themes/food-restro-child/functions.php on line 67

2023-03-28T13:27:18+00:00 CRITICAL Out of memory (allocated 839008256) (tried to allocate 189947904 bytes) in /homepages/21/d738916443/htdocs/woop/wp-content/themes/food-restro-child/functions.php on line 67

2023-03-28T13:27:20+00:00 CRITICAL Out of memory (allocated 839000064) (tried to allocate 196251648 bytes) in /homepages/21/d738916443/htdocs/woop/wp-content/themes/food-restro-child/functions.php on line 67

2023-03-28T13:28:49+00:00 CRITICAL Out of memory (allocated 839000064) (tried to allocate 196251648 bytes) in /homepages/21/d738916443/htdocs/woop/wp-content/themes/food-restro-child/functions.php on line 67

2023-03-28T13:28:51+00:00 CRITICAL Out of memory (allocated 839000064) (tried to allocate 196251648 bytes) in /homepages/21/d738916443/htdocs/woop/wp-content/themes/food-restro-child/functions.php on line 67

2023-03-28T13:29:18+00:00 CRITICAL Out of memory (allocated 839008256) (tried to allocate 189947904 bytes) in /homepages/21/d738916443/htdocs/woop/wp-content/themes/food-restro-child/functions.php on line 67

